Unity Editor version:    2020.3.25f1 (9b9180224418)
Branch:                  2020.3/staging
Build type:              Release
Batch mode:              YES
macOS version:           Version 12.0.1 (Build 21A559)
Darwin version:          21.1.0
Architecture:            x86_64
Running under Rosetta:   YES
Available memory:        16384 MB
Using pre-set license
Pro License: NO

COMMAND LINE ARGUMENTS:
/Applications/Unity/Hub/Editor/2020.3.25f1/Unity.app/Contents/MacOS/Unity
-adb2
-batchMode
-noUpm
-name
AssetImportWorker1
-projectPath
/Users/aoife/UnityProjects/MyFirstChess
-logFile
Logs/AssetImportWorker1.log
-srvPort
49556
Successfully changed project path to: /Users/aoife/UnityProjects/MyFirstChess
/Users/aoife/UnityProjects/MyFirstChess
Using Asset Import Pipeline V2.
Refreshing native plugins compatible for Editor in 41.11 ms, found 3 plugins.
Preloading 0 native plugins for Editor in 0.00 ms.
Initialize engine version: 2020.3.25f1 (9b9180224418)
[Subsystems] Discovering subsystems at path /Applications/Unity/Hub/Editor/2020.3.25f1/Unity.app/Contents/Resources/UnitySubsystems
[Subsystems] Discovering subsystems at path /Users/aoife/UnityProjects/MyFirstChess/Assets
GfxDevice: creating device client; threaded=0
2022-01-03 18:41:42.141 Unity[30923:636707] (null) preferred device: Apple M1 Pro (high power)
2022-01-03 18:41:42.141 Unity[30923:636707] Metal devices available: 1
2022-01-03 18:41:42.141 Unity[30923:636707] 0: Apple M1 Pro (high power)
2022-01-03 18:41:42.141 Unity[30923:636707] Using device Apple M1 Pro (high power)
Initializing Metal device caps: Apple M1 Pro
Initialize mono
Mono path[0] = '/Applications/Unity/Hub/Editor/2020.3.25f1/Unity.app/Contents/Managed'
Mono path[1] = '/Applications/Unity/Hub/Editor/2020.3.25f1/Unity.app/Contents/MonoBleedingEdge/lib/mono/unityjit'
Mono config path = '/Applications/Unity/Hub/Editor/2020.3.25f1/Unity.app/Contents/MonoBleedingEdge/etc'
Using monoOptions --debugger-agent=transport=dt_socket,embedding=1,server=y,suspend=n,address=127.0.0.1:56923
Begin MonoManager ReloadAssembly
Registering precompiled unity dll's ...
Register platform support module: /Applications/Unity/Hub/Editor/2020.3.25f1/Unity.app/Contents/PlaybackEngines/MacStandaloneSupport/UnityEditor.OSXStandalone.Extensions.dll
Registered in 0.000983 seconds.
Native extension for OSXStandalone target not found
Refreshing native plugins compatible for Editor in 41.01 ms, found 3 plugins.
Preloading 0 native plugins for Editor in 0.00 ms.
Mono: successfully reloaded assembly
- Completed reload, in  1.153 seconds
Domain Reload Profiling:
	ReloadAssembly (1154ms)
		BeginReloadAssembly (76ms)
			ExecutionOrderSort (0ms)
			DisableScriptedObjects (0ms)
			BackupInstance (0ms)
			ReleaseScriptingObjects (0ms)
			CreateAndSetChildDomain (3ms)
		EndReloadAssembly (964ms)
			LoadAssemblies (73ms)
			RebuildTransferFunctionScriptingTraits (0ms)
			SetupTypeCache (166ms)
			ReleaseScriptCaches (0ms)
			RebuildScriptCaches (38ms)
			SetupLoadedEditorAssemblies (486ms)
				LogAssemblyErrors (0ms)
				InitializePlatformSupportModulesInManaged (10ms)
				SetLoadedEditorAssemblies (1ms)
				RefreshPlugins (41ms)
				BeforeProcessingInitializeOnLoad (23ms)
				ProcessInitializeOnLoadAttributes (306ms)
				ProcessInitializeOnLoadMethodAttributes (105ms)
				AfterProcessingInitializeOnLoad (0ms)
				EditorAssembliesLoaded (1ms)
			ExecutionOrderSort2 (0ms)
			AwakeInstancesAfterBackupRestoration (0ms)
Platform modules already initialized, skipping
Registering precompiled user dll's ...
Registered in 0.003921 seconds.
Begin MonoManager ReloadAssembly
Native extension for OSXStandalone target not found
Refreshing native plugins compatible for Editor in 40.76 ms, found 3 plugins.
Preloading 0 native plugins for Editor in 0.00 ms.
Mono: successfully reloaded assembly
- Completed reload, in  2.159 seconds
Domain Reload Profiling:
	ReloadAssembly (2162ms)
		BeginReloadAssembly (238ms)
			ExecutionOrderSort (0ms)
			DisableScriptedObjects (29ms)
			BackupInstance (0ms)
			ReleaseScriptingObjects (0ms)
			CreateAndSetChildDomain (31ms)
		EndReloadAssembly (1838ms)
			LoadAssemblies (183ms)
			RebuildTransferFunctionScriptingTraits (0ms)
			SetupTypeCache (323ms)
			ReleaseScriptCaches (1ms)
			RebuildScriptCaches (53ms)
			SetupLoadedEditorAssemblies (981ms)
				LogAssemblyErrors (0ms)
				InitializePlatformSupportModulesInManaged (9ms)
				SetLoadedEditorAssemblies (0ms)
				RefreshPlugins (41ms)
				BeforeProcessingInitializeOnLoad (114ms)
				ProcessInitializeOnLoadAttributes (768ms)
				ProcessInitializeOnLoadMethodAttributes (47ms)
				AfterProcessingInitializeOnLoad (1ms)
				EditorAssembliesLoaded (0ms)
			ExecutionOrderSort2 (0ms)
			AwakeInstancesAfterBackupRestoration (32ms)
Platform modules already initialized, skipping
Validating Project structure ... 0.001453 seconds.
Shader import version has changed; will reimport all shaders...
Upgrading shader files ...0.000568 seconds.
Application.AssetDatabase Initial Script Refresh Start
RefreshInfo: InitialScriptRefreshV2(NoUpdateAssetOptions) scanfilter:  ... 1 filters
RefreshProfiler: Total: 0.000ms
Application.AssetDatabase Initial Script Refresh End
Application.AssetDatabase.Refresh Start
Application.AssetDatabase.Refresh End
RefreshInfo: StopAssetImportingV2(ForceSynchronousImport) scanfilter: 
RefreshProfiler: Total: 0.000ms
Launching external process: /Applications/Unity/Hub/Editor/2020.3.25f1/Unity.app/Contents/Tools/UnityShaderCompiler
Launched and connected shader compiler UnityShaderCompiler after 0.02 seconds
Initializing Unity extensions:
[C# Project] Writing /Users/aoife/UnityProjects/MyFirstChess/MyFirstChess.sln because it has changed
[C# Project] First difference on line 4

[C# Project] Current /Users/aoife/UnityProjects/MyFirstChess/MyFirstChess.sln:
[C# Project]   004: Project("{FAE04EC0-301F-11D3-BF4B-00C04F79EFBC}") = "UnityEngine.TestRunner", "UnityEngine.TestRunner.csproj", "{544687E6-1299-E068-B740-7BE2DC321583}"
[C# Project]   005: EndProject
[C# Project]   006: Project("{FAE04EC0-301F-11D3-BF4B-00C04F79EFBC}") = "Unity.Mathematics", "Unity.Mathematics.csproj", "{9C31BA93-8085-DFC3-B3FA-C2A98021D292}"
[C# Project]   007: EndProject
[C# Project]   008: Project("{FAE04EC0-301F-11D3-BF4B-00C04F79EFBC}") = "Unity.2D.Animation.Triangle.Runtime", "Unity.2D.Animation.Triangle.Runtime.csproj", "{43C20FB3-236E-9A17-8AA7-5CD26BF00930}"

[C# Project] New /Users/aoife/UnityProjects/MyFirstChess/MyFirstChess.sln:
[C# Project]   004: Project("{FAE04EC0-301F-11D3-BF4B-00C04F79EFBC}") = "Unity.2D.PixelPerfect.Tests", "Unity.2D.PixelPerfect.Tests.csproj", "{1A6245C0-EC34-FCEF-40AF-F27877D61583}"
[C# Project]   005: EndProject
[C# Project]   006: Project("{FAE04EC0-301F-11D3-BF4B-00C04F79EFBC}") = "UnityEngine.TestRunner", "UnityEngine.TestRunner.csproj", "{544687E6-1299-E068-B740-7BE2DC321583}"
[C# Project]   007: EndProject
[C# Project]   008: Project("{FAE04EC0-301F-11D3-BF4B-00C04F79EFBC}") = "Unity.Mathematics", "Unity.Mathematics.csproj", "{9C31BA93-8085-DFC3-B3FA-C2A98021D292}"
[C# Project] Writing /Users/aoife/UnityProjects/MyFirstChess/UnityEngine.TestRunner.csproj because it has changed
[C# Project] First difference on line 50

[C# Project] Current /Users/aoife/UnityProjects/MyFirstChess/UnityEngine.TestRunner.csproj:
[C# Project]   050:      <Compile Include="Library\PackageCache\com.unity.test-framework@1.1.29\UnityEngine.TestRunner\TestRunner\TestListenerWrapper.cs" />
[C# Project]   051:      <Compile Include="Library\PackageCache\com.unity.test-framework@1.1.29\UnityEngine.TestRunner\Utils\AssemblyProvider\ITestAssemblyProvider.cs" />
[C# Project]   052:      <Compile Include="Library\PackageCache\com.unity.test-framework@1.1.29\UnityEngine.TestRunner\Utils\QuaternionEqualityComparer.cs" />
[C# Project]   053:      <Compile Include="Library\PackageCache\com.unity.test-framework@1.1.29\UnityEngine.TestRunner\Utils\AssemblyProvider\IScriptingRuntimeProxy.cs" />
[C# Project]   054:      <Compile Include="Library\PackageCache\com.unity.test-framework@1.1.29\UnityEngine.TestRunner\NUnitExtensions\Runner\UnityTestAssemblyRunner.cs" />

[C# Project] New /Users/aoife/UnityProjects/MyFirstChess/UnityEngine.TestRunner.csproj:
[C# Project]   050:      <Compile Include="Packages\com.unity.test-framework\UnityEngine.TestRunner\TestRunner\TestListenerWrapper.cs" />
[C# Project]   051:      <Compile Include="Packages\com.unity.test-framework\UnityEngine.TestRunner\Utils\AssemblyProvider\ITestAssemblyProvider.cs" />
[C# Project]   052:      <Compile Include="Packages\com.unity.test-framework\UnityEngine.TestRunner\Utils\QuaternionEqualityComparer.cs" />
[C# Project]   053:      <Compile Include="Packages\com.unity.test-framework\UnityEngine.TestRunner\Utils\AssemblyProvider\IScriptingRuntimeProxy.cs" />
[C# Project]   054:      <Compile Include="Packages\com.unity.test-framework\UnityEngine.TestRunner\NUnitExtensions\Runner\UnityTestAssemblyRunner.cs" />
[C# Project] Writing /Users/aoife/UnityProjects/MyFirstChess/Unity.Mathematics.csproj because it has changed
[C# Project] First difference on line 50

[C# Project] Current /Users/aoife/UnityProjects/MyFirstChess/Unity.Mathematics.csproj:
[C# Project]   050:      <Compile Include="Library\PackageCache\com.unity.mathematics@1.1.0\Unity.Mathematics\float4.gen.cs" />
[C# Project]   051:      <Compile Include="Library\PackageCache\com.unity.mathematics@1.1.0\Unity.Mathematics\Noise\cellular2x2.cs" />
[C# Project]   052:      <Compile Include="Library\PackageCache\com.unity.mathematics@1.1.0\Unity.Mathematics\int2.gen.cs" />
[C# Project]   053:      <Compile Include="Library\PackageCache\com.unity.mathematics@1.1.0\Unity.Mathematics\half3.gen.cs" />
[C# Project]   054:      <Compile Include="Library\PackageCache\com.unity.mathematics@1.1.0\Unity.Mathematics\double2x2.gen.cs" />

[C# Project] New /Users/aoife/UnityProjects/MyFirstChess/Unity.Mathematics.csproj:
[C# Project]   050:      <Compile Include="Packages\com.unity.mathematics\Unity.Mathematics\float4.gen.cs" />
[C# Project]   051:      <Compile Include="Packages\com.unity.mathematics\Unity.Mathematics\Noise\cellular2x2.cs" />
[C# Project]   052:      <Compile Include="Packages\com.unity.mathematics\Unity.Mathematics\int2.gen.cs" />
[C# Project]   053:      <Compile Include="Packages\com.unity.mathematics\Unity.Mathematics\half3.gen.cs" />
[C# Project]   054:      <Compile Include="Packages\com.unity.mathematics\Unity.Mathematics\double2x2.gen.cs" />
[C# Project] Writing /Users/aoife/UnityProjects/MyFirstChess/Unity.2D.Animation.Triangle.Runtime.csproj because it has changed
[C# Project] First difference on line 50

[C# Project] Current /Users/aoife/UnityProjects/MyFirstChess/Unity.2D.Animation.Triangle.Runtime.csproj:
[C# Project]   050:      <Compile Include="Library\PackageCache\com.unity.2d.animation@5.0.9\Runtime\Triangle\Mesh.cs" />
[C# Project]   051:      <Compile Include="Library\PackageCache\com.unity.2d.animation@5.0.9\Runtime\Triangle\Geometry\RegionPointer.cs" />
[C# Project]   052:      <Compile Include="Library\PackageCache\com.unity.2d.animation@5.0.9\Runtime\Triangle\Meshing\IConstraintMesher.cs" />
[C# Project]   053:      <Compile Include="Library\PackageCache\com.unity.2d.animation@5.0.9\Runtime\Triangle\Topology\DCEL\Face.cs" />
[C# Project]   054:      <Compile Include="Library\PackageCache\com.unity.2d.animation@5.0.9\Runtime\Triangle\Tools\IntersectionHelper.cs" />

[C# Project] New /Users/aoife/UnityProjects/MyFirstChess/Unity.2D.Animation.Triangle.Runtime.csproj:
[C# Project]   050:      <Compile Include="Packages\com.unity.2d.animation\Runtime\Triangle\Mesh.cs" />
[C# Project]   051:      <Compile Include="Packages\com.unity.2d.animation\Runtime\Triangle\Geometry\RegionPointer.cs" />
[C# Project]   052:      <Compile Include="Packages\com.unity.2d.animation\Runtime\Triangle\Meshing\IConstraintMesher.cs" />
[C# Project]   053:      <Compile Include="Packages\com.unity.2d.animation\Runtime\Triangle\Topology\DCEL\Face.cs" />
[C# Project]   054:      <Compile Include="Packages\com.unity.2d.animation\Runtime\Triangle\Tools\IntersectionHelper.cs" />
[C# Project] Writing /Users/aoife/UnityProjects/MyFirstChess/Unity.Timeline.csproj because it has changed
[C# Project] First difference on line 50

[C# Project] Current /Users/aoife/UnityProjects/MyFirstChess/Unity.Timeline.csproj:
[C# Project]   050:      <Compile Include="Library\PackageCache\com.unity.timeline@1.4.8\Runtime\Animation\AnimationPlayableAsset.cs" />
[C# Project]   051:      <Compile Include="Library\PackageCache\com.unity.timeline@1.4.8\Runtime\Events\Signals\SignalAsset.cs" />
[C# Project]   052:      <Compile Include="Library\PackageCache\com.unity.timeline@1.4.8\Runtime\Events\Signals\CustomSignalEventDrawer.cs" />
[C# Project]   053:      <Compile Include="Library\PackageCache\com.unity.timeline@1.4.8\Runtime\Evaluation\RuntimeElement.cs" />
[C# Project]   054:      <Compile Include="Library\PackageCache\com.unity.timeline@1.4.8\Runtime\Animation\AnimationPreviewUpdateCallback.cs" />

[C# Project] New /Users/aoife/UnityProjects/MyFirstChess/Unity.Timeline.csproj:
[C# Project]   050:      <Compile Include="Packages\com.unity.timeline\Runtime\Animation\AnimationPlayableAsset.cs" />
[C# Project]   051:      <Compile Include="Packages\com.unity.timeline\Runtime\Events\Signals\SignalAsset.cs" />
[C# Project]   052:      <Compile Include="Packages\com.unity.timeline\Runtime\Events\Signals\CustomSignalEventDrawer.cs" />
[C# Project]   053:      <Compile Include="Packages\com.unity.timeline\Runtime\Evaluation\RuntimeElement.cs" />
[C# Project]   054:      <Compile Include="Packages\com.unity.timeline\Runtime\Animation\AnimationPreviewUpdateCallback.cs" />
[C# Project] Writing /Users/aoife/UnityProjects/MyFirstChess/UnityEngine.UI.csproj because it has changed
[C# Project] First difference on line 27

[C# Project] Current /Users/aoife/UnityProjects/MyFirstChess/UnityEngine.UI.csproj:
[C# Project]   027:     <DefineConstants>DEBUG;TRACE;UNITY_2020_3_25;UNITY_2020_3;UNITY_2020;UNITY_5_3_OR_NEWER;UNITY_5_4_OR_NEWER;UNITY_5_5_OR_NEWER;UNITY_5_6_OR_NEWER;UNITY_2017_1_OR_NEWER;UNITY_2017_2_OR_NEWER;UNITY_2017_3_OR_NEWER;UNITY_2017_4_OR_NEWER;UNITY_2018_1_OR_NEWER;UNITY_2018_2_OR_NEWER;UNITY_2018_3_OR_NEWER;UNITY_2018_4_OR_NEWER;UNITY_2019_1_OR_NEWER;UNITY_2019_2_OR_NEWER;UNITY_2019_3_OR_NEWER;UNITY_2019_4_OR_NEWER;UNITY_2020_1_OR_NEWER;UNITY_2020_2_OR_NEWER;UNITY_2020_3_OR_NEWER;PLATFORM_ARCH_64;UNITY_64;UNITY_INCLUDE_TESTS;USE_SEARCH_ENGINE_API;SCENE_TEMPLATE_MODULE;ENABLE_AR;ENABLE_AUDIO;ENABLE_CACHING;ENABLE_CLOTH;ENABLE_MICROPHONE;ENABLE_MULTIPLE_DISPLAYS;ENABLE_PHYSICS;ENABLE_TEXTURE_STREAMING;ENABLE_VIRTUALTEXTURING;ENABLE_UNET;ENABLE_LZMA;ENABLE_UNITYEVENTS;ENABLE_VR;ENABLE_WEBCAM;ENABLE_UNITYWEBREQUEST;ENABLE_WWW;ENABLE_CLOUD_SERVICES;ENABLE_CLOUD_SERVICES_COLLAB;ENABLE_CLOUD_SERVICES_COLLAB_SOFTLOCKS;ENABLE_CLOUD_SERVICES_ADS;ENABLE_CLOUD_SERVICES_USE_WEBREQUEST;ENABLE_CLOUD_SERVICES_CRASH_REPORTING;ENABLE_CLOUD_SERVICES_NATIVE_CRASH_REPORTING;ENABLE_CLOUD_SERVICES_PURCHASING;ENABLE_CLOUD_SERVICES_ANALYTICS;ENABLE_CLOUD_SERVICES_UNET;ENABLE_CLOUD_SERVICES_BUILD;ENABLE_CLOUD_LICENSE;ENABLE_EDITOR_HUB_LICENSE;ENABLE_WEBSOCKET_CLIENT;ENABLE_DIRECTOR_AUDIO;ENABLE_DIRECTOR_TEXTURE;ENABLE_MANAGED_JOBS;ENABLE_MANAGED_TRANSFORM_JOBS;ENABLE_MANAGED_ANIMATION_JOBS;ENABLE_MANAGED_AUDIO_JOBS;ENABLE_MANAGED_UNITYTLS;INCLUDE_DYNAMIC_GI;ENABLE_MONO_BDWGC;ENABLE_SCRIPTING_GC_WBARRIERS;PLATFORM_SUPPORTS_MONO;RENDER_SOFTWARE_CURSOR;ENABLE_VIDEO;PLATFORM_STANDALONE;PLATFORM_STANDALONE_OSX;UNITY_STANDALONE_OSX;UNITY_STANDALONE;ENABLE_GAMECENTER;ENABLE_RUNTIME_GI;ENABLE_MOVIES;ENABLE_NETWORK;ENABLE_CRUNCH_TEXTURE_COMPRESSION;ENABLE_CLUSTER_SYNC;ENABLE_CLUSTERINPUT;ENABLE_SPATIALTRACKING;PLATFORM_UPDATES_TIME_OUTSIDE_OF_PLAYER_LOOP;ENABLE_WEBSOCKET_HOST;ENABLE_MONO;NET_STANDARD_2_0;ENABLE_PROFILER;UNITY_ASSERTIONS;UNITY_EDITOR;UNITY_EDITOR_64;UNITY_EDITOR_OSX;ENABLE_UNITY_COLLECTIONS_CHECKS;ENABLE_BURST_AOT;UNITY_TEAM_LICENSE;ENABLE_CUSTOM_RENDER_TEXTURE;ENABLE_DIRECTOR;ENABLE_LOCALIZATION;ENABLE_SPRITES;ENABLE_TERRAIN;ENABLE_TILEMAP;ENABLE_TIMELINE;ENABLE_LEGACY_INPUT_MANAGER;PACKAGE_PHYSICS;PACKAGE_PHYSICS2D;PACKAGE_TILEMAP;PACKAGE_ANIMATION;CSHARP_7_OR_LATER;CSHARP_7_3_OR_NEWER</DefineConstants>
[C# Project]   028:     <ErrorReport>prompt</ErrorReport>
[C# Project]   029:     <WarningLevel>4</WarningLevel>
[C# Project]   030:     <NoWarn>0169</NoWarn>
[C# Project]   031:     <AllowUnsafeBlocks>False</AllowUnsafeBlocks>

[C# Project] New /Users/aoife/UnityProjects/MyFirstChess/UnityEngine.UI.csproj:
[C# Project]   027:     <DefineConstants>DEBUG;TRACE;UNITY_2020_3_25;UNITY_2020_3;UNITY_2020;UNITY_5_3_OR_NEWER;UNITY_5_4_OR_NEWER;UNITY_5_5_OR_NEWER;UNITY_5_6_OR_NEWER;UNITY_2017_1_OR_NEWER;UNITY_2017_2_OR_NEWER;UNITY_2017_3_OR_NEWER;UNITY_2017_4_OR_NEWER;UNITY_2018_1_OR_NEWER;UNITY_2018_2_OR_NEWER;UNITY_2018_3_OR_NEWER;UNITY_2018_4_OR_NEWER;UNITY_2019_1_OR_NEWER;UNITY_2019_2_OR_NEWER;UNITY_2019_3_OR_NEWER;UNITY_2019_4_OR_NEWER;UNITY_2020_1_OR_NEWER;UNITY_2020_2_OR_NEWER;UNITY_2020_3_OR_NEWER;PLATFORM_ARCH_64;UNITY_64;UNITY_INCLUDE_TESTS;USE_SEARCH_ENGINE_API;SCENE_TEMPLATE_MODULE;ENABLE_AR;ENABLE_AUDIO;ENABLE_CACHING;ENABLE_CLOTH;ENABLE_MICROPHONE;ENABLE_MULTIPLE_DISPLAYS;ENABLE_PHYSICS;ENABLE_TEXTURE_STREAMING;ENABLE_VIRTUALTEXTURING;ENABLE_UNET;ENABLE_LZMA;ENABLE_UNITYEVENTS;ENABLE_VR;ENABLE_WEBCAM;ENABLE_UNITYWEBREQUEST;ENABLE_WWW;ENABLE_CLOUD_SERVICES;ENABLE_CLOUD_SERVICES_COLLAB;ENABLE_CLOUD_SERVICES_COLLAB_SOFTLOCKS;ENABLE_CLOUD_SERVICES_ADS;ENABLE_CLOUD_SERVICES_USE_WEBREQUEST;ENABLE_CLOUD_SERVICES_CRASH_REPORTING;ENABLE_CLOUD_SERVICES_NATIVE_CRASH_REPORTING;ENABLE_CLOUD_SERVICES_PURCHASING;ENABLE_CLOUD_SERVICES_ANALYTICS;ENABLE_CLOUD_SERVICES_UNET;ENABLE_CLOUD_SERVICES_BUILD;ENABLE_CLOUD_LICENSE;ENABLE_EDITOR_HUB_LICENSE;ENABLE_WEBSOCKET_CLIENT;ENABLE_DIRECTOR_AUDIO;ENABLE_DIRECTOR_TEXTURE;ENABLE_MANAGED_JOBS;ENABLE_MANAGED_TRANSFORM_JOBS;ENABLE_MANAGED_ANIMATION_JOBS;ENABLE_MANAGED_AUDIO_JOBS;ENABLE_MANAGED_UNITYTLS;INCLUDE_DYNAMIC_GI;ENABLE_MONO_BDWGC;ENABLE_SCRIPTING_GC_WBARRIERS;PLATFORM_SUPPORTS_MONO;RENDER_SOFTWARE_CURSOR;ENABLE_VIDEO;PLATFORM_STANDALONE;PLATFORM_STANDALONE_OSX;UNITY_STANDALONE_OSX;UNITY_STANDALONE;ENABLE_GAMECENTER;ENABLE_RUNTIME_GI;ENABLE_MOVIES;ENABLE_NETWORK;ENABLE_CRUNCH_TEXTURE_COMPRESSION;ENABLE_CLUSTER_SYNC;ENABLE_CLUSTERINPUT;ENABLE_SPATIALTRACKING;PLATFORM_UPDATES_TIME_OUTSIDE_OF_PLAYER_LOOP;ENABLE_WEBSOCKET_HOST;ENABLE_MONO;NET_STANDARD_2_0;ENABLE_PROFILER;UNITY_ASSERTIONS;UNITY_EDITOR;UNITY_EDITOR_64;UNITY_EDITOR_OSX;ENABLE_UNITY_COLLECTIONS_CHECKS;ENABLE_BURST_AOT;UNITY_TEAM_LICENSE;ENABLE_CUSTOM_RENDER_TEXTURE;ENABLE_DIRECTOR;ENABLE_LOCALIZATION;ENABLE_SPRITES;ENABLE_TERRAIN;ENABLE_TILEMAP;ENABLE_TIMELINE;ENABLE_LEGACY_INPUT_MANAGER;CSHARP_7_OR_LATER;CSHARP_7_3_OR_NEWER</DefineConstants>
[C# Project]   028:     <ErrorReport>prompt</ErrorReport>
[C# Project]   029:     <WarningLevel>4</WarningLevel>
[C# Project]   030:     <NoWarn>0169</NoWarn>
[C# Project]   031:     <AllowUnsafeBlocks>False</AllowUnsafeBlocks>
[C# Project] Writing /Users/aoife/UnityProjects/MyFirstChess/Unity.TextMeshPro.csproj because it has changed
[C# Project] First difference on line 50

[C# Project] Current /Users/aoife/UnityProjects/MyFirstChess/Unity.TextMeshPro.csproj:
[C# Project]   050:      <Compile Include="Library\PackageCache\com.unity.textmeshpro@3.0.6\Scripts\Runtime\TMP_InputField.cs" />
[C# Project]   051:      <Compile Include="Library\PackageCache\com.unity.textmeshpro@3.0.6\Scripts\Runtime\TMP_TextProcessingStack.cs" />
[C# Project]   052:      <Compile Include="Library\PackageCache\com.unity.textmeshpro@3.0.6\Scripts\Runtime\TMP_TextUtilities.cs" />
[C# Project]   053:      <Compile Include="Library\PackageCache\com.unity.textmeshpro@3.0.6\Scripts\Runtime\TMP_SpriteGlyph.cs" />
[C# Project]   054:      <Compile Include="Library\PackageCache\com.unity.textmeshpro@3.0.6\Scripts\Runtime\TMP_FontAsset.cs" />

[C# Project] New /Users/aoife/UnityProjects/MyFirstChess/Unity.TextMeshPro.csproj:
[C# Project]   050:      <Compile Include="Packages\com.unity.textmeshpro\Scripts\Runtime\TMP_InputField.cs" />
[C# Project]   051:      <Compile Include="Packages\com.unity.textmeshpro\Scripts\Runtime\TMP_TextProcessingStack.cs" />
[C# Project]   052:      <Compile Include="Packages\com.unity.textmeshpro\Scripts\Runtime\TMP_TextUtilities.cs" />
[C# Project]   053:      <Compile Include="Packages\com.unity.textmeshpro\Scripts\Runtime\TMP_SpriteGlyph.cs" />
[C# Project]   054:      <Compile Include="Packages\com.unity.textmeshpro\Scripts\Runtime\TMP_FontAsset.cs" />
[C# Project] Writing /Users/aoife/UnityProjects/MyFirstChess/Unity.2D.Animation.Runtime.csproj because it has changed
[C# Project] First difference on line 50

[C# Project] Current /Users/aoife/UnityProjects/MyFirstChess/Unity.2D.Animation.Runtime.csproj:
[C# Project]   050:      <Compile Include="Library\PackageCache\com.unity.2d.animation@5.0.9\Runtime\SpriteSkin.cs" />
[C# Project]   051:      <Compile Include="Library\PackageCache\com.unity.2d.animation@5.0.9\Runtime\TransformAccessJob.cs" />
[C# Project]   052:      <Compile Include="Library\PackageCache\com.unity.2d.animation@5.0.9\Runtime\NativeArrayHelper.cs" />
[C# Project]   053:      <Compile Include="Library\PackageCache\com.unity.2d.animation@5.0.9\Runtime\SpriteSkinBatch.cs" />
[C# Project]   054:      <Compile Include="Library\PackageCache\com.unity.2d.animation@5.0.9\Runtime\UpdateBoundsJob.cs" />

[C# Project] New /Users/aoife/UnityProjects/MyFirstChess/Unity.2D.Animation.Runtime.csproj:
[C# Project]   050:      <Compile Include="Packages\com.unity.2d.animation\Runtime\SpriteSkin.cs" />
[C# Project]   051:      <Compile Include="Packages\com.unity.2d.animation\Runtime\TransformAccessJob.cs" />
[C# Project]   052:      <Compile Include="Packages\com.unity.2d.animation\Runtime\NativeArrayHelper.cs" />
[C# Project]   053:      <Compile Include="Packages\com.unity.2d.animation\Runtime\SpriteSkinBatch.cs" />
[C# Project]   054:      <Compile Include="Packages\com.unity.2d.animation\Runtime\UpdateBoundsJob.cs" />
[C# Project] Writing /Users/aoife/UnityProjects/MyFirstChess/Unity.2D.IK.Runtime.csproj because it has changed
[C# Project] First difference on line 50

[C# Project] Current /Users/aoife/UnityProjects/MyFirstChess/Unity.2D.IK.Runtime.csproj:
[C# Project]   050:      <Compile Include="Library\PackageCache\com.unity.2d.animation@5.0.9\IK\Runtime\CCDSolver2D.cs" />
[C# Project]   051:      <Compile Include="Library\PackageCache\com.unity.2d.animation@5.0.9\IK\Runtime\Solver2DMenuAttribute.cs" />
[C# Project]   052:      <Compile Include="Library\PackageCache\com.unity.2d.animation@5.0.9\IK\Runtime\IKManager2D.cs" />
[C# Project]   053:      <Compile Include="Library\PackageCache\com.unity.2d.animation@5.0.9\IK\Runtime\Solver2D.cs" />
[C# Project]   054:      <Compile Include="Library\PackageCache\com.unity.2d.animation@5.0.9\IK\Runtime\IKManager2DEditorData.cs" />

[C# Project] New /Users/aoife/UnityProjects/MyFirstChess/Unity.2D.IK.Runtime.csproj:
[C# Project]   050:      <Compile Include="Packages\com.unity.2d.animation\IK\Runtime\CCDSolver2D.cs" />
[C# Project]   051:      <Compile Include="Packages\com.unity.2d.animation\IK\Runtime\Solver2DMenuAttribute.cs" />
[C# Project]   052:      <Compile Include="Packages\com.unity.2d.animation\IK\Runtime\IKManager2D.cs" />
[C# Project]   053:      <Compile Include="Packages\com.unity.2d.animation\IK\Runtime\Solver2D.cs" />
[C# Project]   054:      <Compile Include="Packages\com.unity.2d.animation\IK\Runtime\IKManager2DEditorData.cs" />
[C# Project] Writing /Users/aoife/UnityProjects/MyFirstChess/Unity.2D.SpriteShape.Runtime.csproj because it has changed
[C# Project] First difference on line 50

[C# Project] Current /Users/aoife/UnityProjects/MyFirstChess/Unity.2D.SpriteShape.Runtime.csproj:
[C# Project]   050:      <Compile Include="Library\PackageCache\com.unity.2d.spriteshape@5.1.6\Runtime\External\LibTessDotNet\Tess.cs" />
[C# Project]   051:      <Compile Include="Library\PackageCache\com.unity.2d.spriteshape@5.1.6\Runtime\UTess2D\Tessellator.cs" />
[C# Project]   052:      <Compile Include="Library\PackageCache\com.unity.2d.spriteshape@5.1.6\Runtime\SpriteShapeGenerator.cs" />
[C# Project]   053:      <Compile Include="Library\PackageCache\com.unity.2d.spriteshape@5.1.6\Runtime\SplineUtility.cs" />
[C# Project]   054:      <Compile Include="Library\PackageCache\com.unity.2d.spriteshape@5.1.6\Runtime\External\LibTessDotNet\Dict.cs" />

[C# Project] New /Users/aoife/UnityProjects/MyFirstChess/Unity.2D.SpriteShape.Runtime.csproj:
[C# Project]   050:      <Compile Include="Packages\com.unity.2d.spriteshape\Runtime\External\LibTessDotNet\Tess.cs" />
[C# Project]   051:      <Compile Include="Packages\com.unity.2d.spriteshape\Runtime\UTess2D\Tessellator.cs" />
[C# Project]   052:      <Compile Include="Packages\com.unity.2d.spriteshape\Runtime\SpriteShapeGenerator.cs" />
[C# Project]   053:      <Compile Include="Packages\com.unity.2d.spriteshape\Runtime\SplineUtility.cs" />
[C# Project]   054:      <Compile Include="Packages\com.unity.2d.spriteshape\Runtime\External\LibTessDotNet\Dict.cs" />
[C# Project] Writing /Users/aoife/UnityProjects/MyFirstChess/Unity.2D.PixelPerfect.csproj because it has changed
[C# Project] First difference on line 50

[C# Project] Current /Users/aoife/UnityProjects/MyFirstChess/Unity.2D.PixelPerfect.csproj:
[C# Project]   050:      <Compile Include="Library\PackageCache\com.unity.2d.pixel-perfect@4.0.1\Runtime\CinemachinePixelPerfect.cs" />
[C# Project]   051:      <Compile Include="Library\PackageCache\com.unity.2d.pixel-perfect@4.0.1\Runtime\PixelPerfectCameraInternal.cs" />
[C# Project]   052:      <Compile Include="Library\PackageCache\com.unity.2d.pixel-perfect@4.0.1\Runtime\AssemblyInfo.cs" />
[C# Project]   053:      <Compile Include="Library\PackageCache\com.unity.2d.pixel-perfect@4.0.1\Runtime\PixelPerfectCamera.cs" />
[C# Project]   054:      <None Include="Library\PackageCache\com.unity.2d.pixel-perfect@4.0.1\Runtime\Unity.2D.PixelPerfect.asmdef" />

[C# Project] New /Users/aoife/UnityProjects/MyFirstChess/Unity.2D.PixelPerfect.csproj:
[C# Project]   050:      <Compile Include="Packages\com.unity.2d.pixel-perfect\Runtime\CinemachinePixelPerfect.cs" />
[C# Project]   051:      <Compile Include="Packages\com.unity.2d.pixel-perfect\Runtime\PixelPerfectCameraInternal.cs" />
[C# Project]   052:      <Compile Include="Packages\com.unity.2d.pixel-perfect\Runtime\AssemblyInfo.cs" />
[C# Project]   053:      <Compile Include="Packages\com.unity.2d.pixel-perfect\Runtime\PixelPerfectCamera.cs" />
[C# Project]   054:      <None Include="Packages\com.unity.2d.pixel-perfect\Runtime\Unity.2D.PixelPerfect.asmdef" />
[C# Project] Writing /Users/aoife/UnityProjects/MyFirstChess/Assembly-CSharp.csproj because it has changed
[C# Project] First difference on line 50

[C# Project] Current /Users/aoife/UnityProjects/MyFirstChess/Assembly-CSharp.csproj:
[C# Project]   050:      <Compile Include="Assets\Scripts\Game.cs" />
[C# Project]   051:      <Compile Include="Assets\Scripts\ChessPeople.cs" />
[C# Project]   052:      <Compile Include="Assets\Scripts\MovePlate.cs" />
[C# Project]   053:      <None Include="Assets\Resources\Sprites\License.txt" />
[C# Project]   054:  <Reference Include="UnityEngine">

[C# Project] New /Users/aoife/UnityProjects/MyFirstChess/Assembly-CSharp.csproj:
[C# Project]   050:      <Compile Include="Assets\Scripts\MovePlate.cs" />
[C# Project]   051:      <Compile Include="Assets\Scripts\Game.cs" />
[C# Project]   052:      <Compile Include="Assets\Scripts\ChessPeople.cs" />
[C# Project]   053:      <None Include="Assets\Resources\Sprites\License.txt" />
[C# Project]   054:  <Reference Include="UnityEngine">
[C# Project] Writing /Users/aoife/UnityProjects/MyFirstChess/Unity.2D.Common.Runtime.csproj because it has changed
[C# Project] First difference on line 50

[C# Project] Current /Users/aoife/UnityProjects/MyFirstChess/Unity.2D.Common.Runtime.csproj:
[C# Project]   050:      <Compile Include="Library\PackageCache\com.unity.2d.common@4.0.3\Runtime\AssemblyInfo.cs" />
[C# Project]   051:      <None Include="Library\PackageCache\com.unity.2d.common@4.0.3\Runtime\Unity.2D.Common.Runtime.asmdef" />
[C# Project]   052:  <Reference Include="UnityEngine">
[C# Project]   053:  <HintPath>/Applications/Unity/Hub/Editor/2020.3.25f1/Unity.app/Contents/Managed/UnityEngine/UnityEngine.dll</HintPath>
[C# Project]   054:  </Reference>

[C# Project] New /Users/aoife/UnityProjects/MyFirstChess/Unity.2D.Common.Runtime.csproj:
[C# Project]   050:      <Compile Include="Packages\com.unity.2d.common\Runtime\AssemblyInfo.cs" />
[C# Project]   051:      <None Include="Packages\com.unity.2d.common\Runtime\Unity.2D.Common.Runtime.asmdef" />
[C# Project]   052:  <Reference Include="UnityEngine">
[C# Project]   053:  <HintPath>/Applications/Unity/Hub/Editor/2020.3.25f1/Unity.app/Contents/Managed/UnityEngine/UnityEngine.dll</HintPath>
[C# Project]   054:  </Reference>
[C# Project] Writing /Users/aoife/UnityProjects/MyFirstChess/Unity.InternalAPIEngineBridge.001.csproj because it has changed
[C# Project] First difference on line 50

[C# Project] Current /Users/aoife/UnityProjects/MyFirstChess/Unity.InternalAPIEngineBridge.001.csproj:
[C# Project]   050:      <Compile Include="Library\PackageCache\com.unity.2d.common@4.0.3\Runtime\InternalBridge\InternalEngineBridge.cs" />
[C# Project]   051:      <Compile Include="Library\PackageCache\com.unity.2d.common@4.0.3\Runtime\InternalBridge\AssemblyInfo.cs" />
[C# Project]   052:      <None Include="Library\PackageCache\com.unity.2d.common@4.0.3\Runtime\InternalBridge\InternalBridgeDef.asmdef" />
[C# Project]   053:  <Reference Include="UnityEngine">
[C# Project]   054:  <HintPath>/Applications/Unity/Hub/Editor/2020.3.25f1/Unity.app/Contents/Managed/UnityEngine/UnityEngine.dll</HintPath>

[C# Project] New /Users/aoife/UnityProjects/MyFirstChess/Unity.InternalAPIEngineBridge.001.csproj:
[C# Project]   050:      <Compile Include="Packages\com.unity.2d.common\Runtime\InternalBridge\InternalEngineBridge.cs" />
[C# Project]   051:      <Compile Include="Packages\com.unity.2d.common\Runtime\InternalBridge\AssemblyInfo.cs" />
[C# Project]   052:      <None Include="Packages\com.unity.2d.common\Runtime\InternalBridge\InternalBridgeDef.asmdef" />
[C# Project]   053:  <Reference Include="UnityEngine">
[C# Project]   054:  <HintPath>/Applications/Unity/Hub/Editor/2020.3.25f1/Unity.app/Contents/Managed/UnityEngine/UnityEngine.dll</HintPath>
[C# Project] Writing /Users/aoife/UnityProjects/MyFirstChess/UnityEditor.TestRunner.csproj because it has changed
[C# Project] First difference on line 50

[C# Project] Current /Users/aoife/UnityProjects/MyFirstChess/UnityEditor.TestRunner.csproj:
[C# Project]   050:      <Compile Include="Library\PackageCache\com.unity.test-framework@1.1.29\UnityEditor.TestRunner\TestBuildAssemblyFilter.cs" />
[C# Project]   051:      <Compile Include="Library\PackageCache\com.unity.test-framework@1.1.29\UnityEditor.TestRunner\Api\ITestAdaptorFactory.cs" />
[C# Project]   052:      <Compile Include="Library\PackageCache\com.unity.test-framework@1.1.29\UnityEditor.TestRunner\TestRunner\Utils\IEditorLoadedTestAssemblyProvider.cs" />
[C# Project]   053:      <Compile Include="Library\PackageCache\com.unity.test-framework@1.1.29\UnityEditor.TestRunner\GUI\TestListTreeView\TestTreeViewItem.cs" />
[C# Project]   054:      <Compile Include="Library\PackageCache\com.unity.test-framework@1.1.29\UnityEditor.TestRunner\TestRun\Tasks\LegacyPlayModeRunTask.cs" />

[C# Project] New /Users/aoife/UnityProjects/MyFirstChess/UnityEditor.TestRunner.csproj:
[C# Project]   050:      <Compile Include="Packages\com.unity.test-framework\UnityEditor.TestRunner\TestBuildAssemblyFilter.cs" />
[C# Project]   051:      <Compile Include="Packages\com.unity.test-framework\UnityEditor.TestRunner\Api\ITestAdaptorFactory.cs" />
[C# Project]   052:      <Compile Include="Packages\com.unity.test-framework\UnityEditor.TestRunner\TestRunner\Utils\IEditorLoadedTestAssemblyProvider.cs" />
[C# Project]   053:      <Compile Include="Packages\com.unity.test-framework\UnityEditor.TestRunner\GUI\TestListTreeView\TestTreeViewItem.cs" />
[C# Project]   054:      <Compile Include="Packages\com.unity.test-framework\UnityEditor.TestRunner\TestRun\Tasks\LegacyPlayModeRunTask.cs" />
[C# Project] Writing /Users/aoife/UnityProjects/MyFirstChess/Unity.PlasticSCM.Editor.csproj because it has changed
[C# Project] First difference on line 50

[C# Project] Current /Users/aoife/UnityProjects/MyFirstChess/Unity.PlasticSCM.Editor.csproj:
[C# Project]   050:      <Compile Include="Library\PackageCache\com.unity.collab-proxy@1.15.4\Editor\PlasticSCM\Views\Diff\GetClientDiffInfos.cs" />
[C# Project]   051:      <Compile Include="Library\PackageCache\com.unity.collab-proxy@1.15.4\Editor\PlasticSCM\Views\PendingChanges\Dialogs\EmptyCheckinMessageDialog.cs" />
[C# Project]   052:      <Compile Include="Library\PackageCache\com.unity.collab-proxy@1.15.4\Editor\PlasticSCM\Configuration\CloudEdition\Welcome\AutoLogin.cs" />
[C# Project]   053:      <Compile Include="Library\PackageCache\com.unity.collab-proxy@1.15.4\Editor\PlasticSCM\UI\Tree\TreeViewItemIds.cs" />
[C# Project]   054:      <Compile Include="Library\PackageCache\com.unity.collab-proxy@1.15.4\Editor\PlasticSCM\Developer\UpdateReport\UpdateReportDialog.cs" />

[C# Project] New /Users/aoife/UnityProjects/MyFirstChess/Unity.PlasticSCM.Editor.csproj:
[C# Project]   050:      <Compile Include="Packages\com.unity.collab-proxy\Editor\PlasticSCM\Views\Diff\GetClientDiffInfos.cs" />
[C# Project]   051:      <Compile Include="Packages\com.unity.collab-proxy\Editor\PlasticSCM\Views\PendingChanges\Dialogs\EmptyCheckinMessageDialog.cs" />
[C# Project]   052:      <Compile Include="Packages\com.unity.collab-proxy\Editor\PlasticSCM\Configuration\CloudEdition\Welcome\AutoLogin.cs" />
[C# Project]   053:      <Compile Include="Packages\com.unity.collab-proxy\Editor\PlasticSCM\UI\Tree\TreeViewItemIds.cs" />
[C# Project]   054:      <Compile Include="Packages\com.unity.collab-proxy\Editor\PlasticSCM\Developer\UpdateReport\UpdateReportDialog.cs" />
[C# Project] Writing /Users/aoife/UnityProjects/MyFirstChess/UnityEditor.UI.csproj because it has changed
[C# Project] First difference on line 27

[C# Project] Current /Users/aoife/UnityProjects/MyFirstChess/UnityEditor.UI.csproj:
[C# Project]   027:     <DefineConstants>DEBUG;TRACE;UNITY_2020_3_25;UNITY_2020_3;UNITY_2020;UNITY_5_3_OR_NEWER;UNITY_5_4_OR_NEWER;UNITY_5_5_OR_NEWER;UNITY_5_6_OR_NEWER;UNITY_2017_1_OR_NEWER;UNITY_2017_2_OR_NEWER;UNITY_2017_3_OR_NEWER;UNITY_2017_4_OR_NEWER;UNITY_2018_1_OR_NEWER;UNITY_2018_2_OR_NEWER;UNITY_2018_3_OR_NEWER;UNITY_2018_4_OR_NEWER;UNITY_2019_1_OR_NEWER;UNITY_2019_2_OR_NEWER;UNITY_2019_3_OR_NEWER;UNITY_2019_4_OR_NEWER;UNITY_2020_1_OR_NEWER;UNITY_2020_2_OR_NEWER;UNITY_2020_3_OR_NEWER;PLATFORM_ARCH_64;UNITY_64;UNITY_INCLUDE_TESTS;USE_SEARCH_ENGINE_API;SCENE_TEMPLATE_MODULE;ENABLE_AR;ENABLE_AUDIO;ENABLE_CACHING;ENABLE_CLOTH;ENABLE_MICROPHONE;ENABLE_MULTIPLE_DISPLAYS;ENABLE_PHYSICS;ENABLE_TEXTURE_STREAMING;ENABLE_VIRTUALTEXTURING;ENABLE_UNET;ENABLE_LZMA;ENABLE_UNITYEVENTS;ENABLE_VR;ENABLE_WEBCAM;ENABLE_UNITYWEBREQUEST;ENABLE_WWW;ENABLE_CLOUD_SERVICES;ENABLE_CLOUD_SERVICES_COLLAB;ENABLE_CLOUD_SERVICES_COLLAB_SOFTLOCKS;ENABLE_CLOUD_SERVICES_ADS;ENABLE_CLOUD_SERVICES_USE_WEBREQUEST;ENABLE_CLOUD_SERVICES_CRASH_REPORTING;ENABLE_CLOUD_SERVICES_NATIVE_CRASH_REPORTING;ENABLE_CLOUD_SERVICES_PURCHASING;ENABLE_CLOUD_SERVICES_ANALYTICS;ENABLE_CLOUD_SERVICES_UNET;ENABLE_CLOUD_SERVICES_BUILD;ENABLE_CLOUD_LICENSE;ENABLE_EDITOR_HUB_LICENSE;ENABLE_WEBSOCKET_CLIENT;ENABLE_DIRECTOR_AUDIO;ENABLE_DIRECTOR_TEXTURE;ENABLE_MANAGED_JOBS;ENABLE_MANAGED_TRANSFORM_JOBS;ENABLE_MANAGED_ANIMATION_JOBS;ENABLE_MANAGED_AUDIO_JOBS;ENABLE_MANAGED_UNITYTLS;INCLUDE_DYNAMIC_GI;ENABLE_MONO_BDWGC;ENABLE_SCRIPTING_GC_WBARRIERS;PLATFORM_SUPPORTS_MONO;RENDER_SOFTWARE_CURSOR;ENABLE_VIDEO;PLATFORM_STANDALONE;PLATFORM_STANDALONE_OSX;UNITY_STANDALONE_OSX;UNITY_STANDALONE;ENABLE_GAMECENTER;ENABLE_RUNTIME_GI;ENABLE_MOVIES;ENABLE_NETWORK;ENABLE_CRUNCH_TEXTURE_COMPRESSION;ENABLE_CLUSTER_SYNC;ENABLE_CLUSTERINPUT;ENABLE_SPATIALTRACKING;PLATFORM_UPDATES_TIME_OUTSIDE_OF_PLAYER_LOOP;ENABLE_WEBSOCKET_HOST;ENABLE_MONO;NET_4_6;ENABLE_PROFILER;UNITY_ASSERTIONS;UNITY_EDITOR;UNITY_EDITOR_64;UNITY_EDITOR_OSX;ENABLE_UNITY_COLLECTIONS_CHECKS;ENABLE_BURST_AOT;UNITY_TEAM_LICENSE;ENABLE_CUSTOM_RENDER_TEXTURE;ENABLE_DIRECTOR;ENABLE_LOCALIZATION;ENABLE_SPRITES;ENABLE_TERRAIN;ENABLE_TILEMAP;ENABLE_TIMELINE;ENABLE_LEGACY_INPUT_MANAGER;PACKAGE_PHYSICS;PACKAGE_PHYSICS2D;PACKAGE_ANIMATION;CSHARP_7_OR_LATER;CSHARP_7_3_OR_NEWER;NET_STANDARD_2_0</DefineConstants>
[C# Project]   028:     <ErrorReport>prompt</ErrorReport>
[C# Project]   029:     <WarningLevel>4</WarningLevel>
[C# Project]   030:     <NoWarn>0169</NoWarn>
[C# Project]   031:     <AllowUnsafeBlocks>False</AllowUnsafeBlocks>

[C# Project] New /Users/aoife/UnityProjects/MyFirstChess/UnityEditor.UI.csproj:
[C# Project]   027:     <DefineConstants>DEBUG;TRACE;UNITY_2020_3_25;UNITY_2020_3;UNITY_2020;UNITY_5_3_OR_NEWER;UNITY_5_4_OR_NEWER;UNITY_5_5_OR_NEWER;UNITY_5_6_OR_NEWER;UNITY_2017_1_OR_NEWER;UNITY_2017_2_OR_NEWER;UNITY_2017_3_OR_NEWER;UNITY_2017_4_OR_NEWER;UNITY_2018_1_OR_NEWER;UNITY_2018_2_OR_NEWER;UNITY_2018_3_OR_NEWER;UNITY_2018_4_OR_NEWER;UNITY_2019_1_OR_NEWER;UNITY_2019_2_OR_NEWER;UNITY_2019_3_OR_NEWER;UNITY_2019_4_OR_NEWER;UNITY_2020_1_OR_NEWER;UNITY_2020_2_OR_NEWER;UNITY_2020_3_OR_NEWER;PLATFORM_ARCH_64;UNITY_64;UNITY_INCLUDE_TESTS;USE_SEARCH_ENGINE_API;SCENE_TEMPLATE_MODULE;ENABLE_AR;ENABLE_AUDIO;ENABLE_CACHING;ENABLE_CLOTH;ENABLE_MICROPHONE;ENABLE_MULTIPLE_DISPLAYS;ENABLE_PHYSICS;ENABLE_TEXTURE_STREAMING;ENABLE_VIRTUALTEXTURING;ENABLE_UNET;ENABLE_LZMA;ENABLE_UNITYEVENTS;ENABLE_VR;ENABLE_WEBCAM;ENABLE_UNITYWEBREQUEST;ENABLE_WWW;ENABLE_CLOUD_SERVICES;ENABLE_CLOUD_SERVICES_COLLAB;ENABLE_CLOUD_SERVICES_COLLAB_SOFTLOCKS;ENABLE_CLOUD_SERVICES_ADS;ENABLE_CLOUD_SERVICES_USE_WEBREQUEST;ENABLE_CLOUD_SERVICES_CRASH_REPORTING;ENABLE_CLOUD_SERVICES_NATIVE_CRASH_REPORTING;ENABLE_CLOUD_SERVICES_PURCHASING;ENABLE_CLOUD_SERVICES_ANALYTICS;ENABLE_CLOUD_SERVICES_UNET;ENABLE_CLOUD_SERVICES_BUILD;ENABLE_CLOUD_LICENSE;ENABLE_EDITOR_HUB_LICENSE;ENABLE_WEBSOCKET_CLIENT;ENABLE_DIRECTOR_AUDIO;ENABLE_DIRECTOR_TEXTURE;ENABLE_MANAGED_JOBS;ENABLE_MANAGED_TRANSFORM_JOBS;ENABLE_MANAGED_ANIMATION_JOBS;ENABLE_MANAGED_AUDIO_JOBS;ENABLE_MANAGED_UNITYTLS;INCLUDE_DYNAMIC_GI;ENABLE_MONO_BDWGC;ENABLE_SCRIPTING_GC_WBARRIERS;PLATFORM_SUPPORTS_MONO;RENDER_SOFTWARE_CURSOR;ENABLE_VIDEO;PLATFORM_STANDALONE;PLATFORM_STANDALONE_OSX;UNITY_STANDALONE_OSX;UNITY_STANDALONE;ENABLE_GAMECENTER;ENABLE_RUNTIME_GI;ENABLE_MOVIES;ENABLE_NETWORK;ENABLE_CRUNCH_TEXTURE_COMPRESSION;ENABLE_CLUSTER_SYNC;ENABLE_CLUSTERINPUT;ENABLE_SPATIALTRACKING;PLATFORM_UPDATES_TIME_OUTSIDE_OF_PLAYER_LOOP;ENABLE_WEBSOCKET_HOST;ENABLE_MONO;NET_4_6;ENABLE_PROFILER;UNITY_ASSERTIONS;UNITY_EDITOR;UNITY_EDITOR_64;UNITY_EDITOR_OSX;ENABLE_UNITY_COLLECTIONS_CHECKS;ENABLE_BURST_AOT;UNITY_TEAM_LICENSE;ENABLE_CUSTOM_RENDER_TEXTURE;ENABLE_DIRECTOR;ENABLE_LOCALIZATION;ENABLE_SPRITES;ENABLE_TERRAIN;ENABLE_TILEMAP;ENABLE_TIMELINE;ENABLE_LEGACY_INPUT_MANAGER;CSHARP_7_OR_LATER;CSHARP_7_3_OR_NEWER;NET_STANDARD_2_0</DefineConstants>
[C# Project]   028:     <ErrorReport>prompt</ErrorReport>
[C# Project]   029:     <WarningLevel>4</WarningLevel>
[C# Project]   030:     <NoWarn>0169</NoWarn>
[C# Project]   031:     <AllowUnsafeBlocks>False</AllowUnsafeBlocks>
[C# Project] Writing /Users/aoife/UnityProjects/MyFirstChess/Unity.Services.Core.Editor.csproj because it has changed
[C# Project] First difference on line 50

[C# Project] Current /Users/aoife/UnityProjects/MyFirstChess/Unity.Services.Core.Editor.csproj:
[C# Project]   050:      <Compile Include="Library\PackageCache\com.unity.services.core@1.0.1\Editor\Core\Networking\IHttpClient.cs" />
[C# Project]   051:      <Compile Include="Library\PackageCache\com.unity.services.core@1.0.1\Editor\Core\ProjectStateManagement\IServiceFlagRequest.cs" />
[C# Project]   052:      <Compile Include="Library\PackageCache\com.unity.services.core@1.0.1\Editor\Core\ServiceActivationPopup\Visuals\ExceptionVisual.cs" />
[C# Project]   053:      <Compile Include="Library\PackageCache\com.unity.services.core@1.0.1\Editor\Core\ServiceActivationPopup\Visuals\ServiceActivationPopupVisual.cs" />
[C# Project]   054:      <Compile Include="Library\PackageCache\com.unity.services.core@1.0.1\Editor\Core\ProjectStateManagement\ProjectStateRequest.cs" />

[C# Project] New /Users/aoife/UnityProjects/MyFirstChess/Unity.Services.Core.Editor.csproj:
[C# Project]   050:      <Compile Include="Packages\com.unity.services.core\Editor\Core\Networking\IHttpClient.cs" />
[C# Project]   051:      <Compile Include="Packages\com.unity.services.core\Editor\Core\ProjectStateManagement\IServiceFlagRequest.cs" />
[C# Project]   052:      <Compile Include="Packages\com.unity.services.core\Editor\Core\ServiceActivationPopup\Visuals\ExceptionVisual.cs" />
[C# Project]   053:      <Compile Include="Packages\com.unity.services.core\Editor\Core\ServiceActivationPopup\Visuals\ServiceActivationPopupVisual.cs" />
[C# Project]   054:      <Compile Include="Packages\com.unity.services.core\Editor\Core\ProjectStateManagement\ProjectStateRequest.cs" />
[C# Project] Writing /Users/aoife/UnityProjects/MyFirstChess/Unity.Timeline.Editor.csproj because it has changed
[C# Project] First difference on line 50

[C# Project] Current /Users/aoife/UnityProjects/MyFirstChess/Unity.Timeline.Editor.csproj:
[C# Project]   050:      <Compile Include="Library\PackageCache\com.unity.timeline@1.4.8\Editor\inspectors\AnimationPlayableAssetInspector.cs" />
[C# Project]   051:      <Compile Include="Library\PackageCache\com.unity.timeline@1.4.8\Editor\Actions\Menus\MenuItemActionBase.cs" />
[C# Project]   052:      <Compile Include="Library\PackageCache\com.unity.timeline@1.4.8\Editor\Actions\TrackAction.cs" />
[C# Project]   053:      <Compile Include="Library\PackageCache\com.unity.timeline@1.4.8\Editor\Utilities\Range.cs" />
[C# Project]   054:      <Compile Include="Library\PackageCache\com.unity.timeline@1.4.8\Editor\Window\ViewModel\ScriptableObjectViewPrefs.cs" />

[C# Project] New /Users/aoife/UnityProjects/MyFirstChess/Unity.Timeline.Editor.csproj:
[C# Project]   050:      <Compile Include="Packages\com.unity.timeline\Editor\inspectors\AnimationPlayableAssetInspector.cs" />
[C# Project]   051:      <Compile Include="Packages\com.unity.timeline\Editor\Actions\Menus\MenuItemActionBase.cs" />
[C# Project]   052:      <Compile Include="Packages\com.unity.timeline\Editor\Actions\TrackAction.cs" />
[C# Project]   053:      <Compile Include="Packages\com.unity.timeline\Editor\Utilities\Range.cs" />
[C# Project]   054:      <Compile Include="Packages\com.unity.timeline\Editor\Window\ViewModel\ScriptableObjectViewPrefs.cs" />
[C# Project] Writing /Users/aoife/UnityProjects/MyFirstChess/Unity.VisualStudio.Editor.csproj because it has changed
[C# Project] First difference on line 50

[C# Project] Current /Users/aoife/UnityProjects/MyFirstChess/Unity.VisualStudio.Editor.csproj:
[C# Project]   050:      <Compile Include="Library\PackageCache\com.unity.ide.visualstudio@2.0.12\Editor\ProjectGeneration\ProjectGenerationFlag.cs" />
[C# Project]   051:      <Compile Include="Library\PackageCache\com.unity.ide.visualstudio@2.0.12\Editor\VisualStudioIntegration.cs" />
[C# Project]   052:      <Compile Include="Library\PackageCache\com.unity.ide.visualstudio@2.0.12\Editor\UnityInstallation.cs" />
[C# Project]   053:      <Compile Include="Library\PackageCache\com.unity.ide.visualstudio@2.0.12\Editor\KnownAssemblies.cs" />
[C# Project]   054:      <Compile Include="Library\PackageCache\com.unity.ide.visualstudio@2.0.12\Editor\UsageUtility.cs" />

[C# Project] New /Users/aoife/UnityProjects/MyFirstChess/Unity.VisualStudio.Editor.csproj:
[C# Project]   050:      <Compile Include="Packages\com.unity.ide.visualstudio\Editor\ProjectGeneration\ProjectGenerationFlag.cs" />
[C# Project]   051:      <Compile Include="Packages\com.unity.ide.visualstudio\Editor\VisualStudioIntegration.cs" />
[C# Project]   052:      <Compile Include="Packages\com.unity.ide.visualstudio\Editor\UnityInstallation.cs" />
[C# Project]   053:      <Compile Include="Packages\com.unity.ide.visualstudio\Editor\KnownAssemblies.cs" />
[C# Project]   054:      <Compile Include="Packages\com.unity.ide.visualstudio\Editor\UsageUtility.cs" />
[C# Project] Writing /Users/aoife/UnityProjects/MyFirstChess/Unity.2D.Psdimporter.Editor.csproj because it has changed
[C# Project] First difference on line 50

[C# Project] Current /Users/aoife/UnityProjects/MyFirstChess/Unity.2D.Psdimporter.Editor.csproj:
[C# Project]   050:      <Compile Include="Library\PackageCache\com.unity.2d.psdimporter@4.1.2\Editor\AssemblyInfo.cs" />
[C# Project]   051:      <Compile Include="Library\PackageCache\com.unity.2d.psdimporter@4.1.2\Editor\Analytics.cs" />
[C# Project]   052:      <Compile Include="Library\PackageCache\com.unity.2d.psdimporter@4.1.2\Editor\TexturePlatformSettingsView.cs" />
[C# Project]   053:      <Compile Include="Library\PackageCache\com.unity.2d.psdimporter@4.1.2\Editor\PSDImporterDataProvider.cs" />
[C# Project]   054:      <Compile Include="Library\PackageCache\com.unity.2d.psdimporter@4.1.2\Editor\PSDImportPostProcessor.cs" />

[C# Project] New /Users/aoife/UnityProjects/MyFirstChess/Unity.2D.Psdimporter.Editor.csproj:
[C# Project]   050:      <Compile Include="Packages\com.unity.2d.psdimporter\Editor\AssemblyInfo.cs" />
[C# Project]   051:      <Compile Include="Packages\com.unity.2d.psdimporter\Editor\Analytics.cs" />
[C# Project]   052:      <Compile Include="Packages\com.unity.2d.psdimporter\Editor\TexturePlatformSettingsView.cs" />
[C# Project]   053:      <Compile Include="Packages\com.unity.2d.psdimporter\Editor\PSDImporterDataProvider.cs" />
[C# Project]   054:      <Compile Include="Packages\com.unity.2d.psdimporter\Editor\PSDImportPostProcessor.cs" />
[C# Project] Writing /Users/aoife/UnityProjects/MyFirstChess/Unity.2D.Animation.Editor.csproj because it has changed
[C# Project] First difference on line 50

[C# Project] Current /Users/aoife/UnityProjects/MyFirstChess/Unity.2D.Animation.Editor.csproj:
[C# Project]   050:      <Compile Include="Library\PackageCache\com.unity.2d.animation@5.0.9\Editor\SkinningModule\VisibilityTool\BoneTreeViewModel.cs" />
[C# Project]   051:      <Compile Include="Library\PackageCache\com.unity.2d.animation@5.0.9\Editor\SkinningModule\SpriteMeshData\EditableBoneWeight.cs" />
[C# Project]   052:      <Compile Include="Library\PackageCache\com.unity.2d.animation@5.0.9\Editor\SkinningModule\DefaultPoseScope.cs" />
[C# Project]   053:      <Compile Include="Library\PackageCache\com.unity.2d.animation@5.0.9\Editor\LayoutOverlay\DropdownMenu.cs" />
[C# Project]   054:      <Compile Include="Library\PackageCache\com.unity.2d.animation@5.0.9\Editor\SkinningModule\VisibilityTool\VisibilityToolResizer.cs" />

[C# Project] New /Users/aoife/UnityProjects/MyFirstChess/Unity.2D.Animation.Editor.csproj:
[C# Project]   050:      <Compile Include="Packages\com.unity.2d.animation\Editor\SkinningModule\VisibilityTool\BoneTreeViewModel.cs" />
[C# Project]   051:      <Compile Include="Packages\com.unity.2d.animation\Editor\SkinningModule\SpriteMeshData\EditableBoneWeight.cs" />
[C# Project]   052:      <Compile Include="Packages\com.unity.2d.animation\Editor\SkinningModule\DefaultPoseScope.cs" />
[C# Project]   053:      <Compile Include="Packages\com.unity.2d.animation\Editor\LayoutOverlay\DropdownMenu.cs" />
[C# Project]   054:      <Compile Include="Packages\com.unity.2d.animation\Editor\SkinningModule\VisibilityTool\VisibilityToolResizer.cs" />
[C# Project] Writing /Users/aoife/UnityProjects/MyFirstChess/Unity.TextMeshPro.Editor.csproj because it has changed
[C# Project] First difference on line 50

[C# Project] Current /Users/aoife/UnityProjects/MyFirstChess/Unity.TextMeshPro.Editor.csproj:
[C# Project]   050:      <Compile Include="Library\PackageCache\com.unity.textmeshpro@3.0.6\Scripts\Editor\TMP_PackageUtilities.cs" />
[C# Project]   051:      <Compile Include="Library\PackageCache\com.unity.textmeshpro@3.0.6\Scripts\Editor\TMP_EditorPanel.cs" />
[C# Project]   052:      <Compile Include="Library\PackageCache\com.unity.textmeshpro@3.0.6\Scripts\Editor\DropdownOptionListDrawer.cs" />
[C# Project]   053:      <Compile Include="Library\PackageCache\com.unity.textmeshpro@3.0.6\Scripts\Editor\GlyphMetricsPropertyDrawer.cs" />
[C# Project]   054:      <Compile Include="Library\PackageCache\com.unity.textmeshpro@3.0.6\Scripts\Editor\TMP_EditorPanelUI.cs" />

[C# Project] New /Users/aoife/UnityProjects/MyFirstChess/Unity.TextMeshPro.Editor.csproj:
[C# Project]   050:      <Compile Include="Packages\com.unity.textmeshpro\Scripts\Editor\TMP_PackageUtilities.cs" />
[C# Project]   051:      <Compile Include="Packages\com.unity.textmeshpro\Scripts\Editor\TMP_EditorPanel.cs" />
[C# Project]   052:      <Compile Include="Packages\com.unity.textmeshpro\Scripts\Editor\DropdownOptionListDrawer.cs" />
[C# Project]   053:      <Compile Include="Packages\com.unity.textmeshpro\Scripts\Editor\GlyphMetricsPropertyDrawer.cs" />
[C# Project]   054:      <Compile Include="Packages\com.unity.textmeshpro\Scripts\Editor\TMP_EditorPanelUI.cs" />
[C# Project] Writing /Users/aoife/UnityProjects/MyFirstChess/Unity.2D.SpriteShape.Editor.csproj because it has changed
[C# Project] First difference on line 50

[C# Project] Current /Users/aoife/UnityProjects/MyFirstChess/Unity.2D.SpriteShape.Editor.csproj:
[C# Project]   050:      <Compile Include="Library\PackageCache\com.unity.2d.spriteshape@5.1.6\Editor\AngleRangeView.cs" />
[C# Project]   051:      <Compile Include="Library\PackageCache\com.unity.2d.spriteshape@5.1.6\Editor\ContextMenu.cs" />
[C# Project]   052:      <Compile Include="Library\PackageCache\com.unity.2d.spriteshape@5.1.6\Editor\ObjectMenuCreation\GameObjectCreation.cs" />
[C# Project]   053:      <Compile Include="Library\PackageCache\com.unity.2d.spriteshape@5.1.6\Editor\AssemblyInfo.cs" />
[C# Project]   054:      <Compile Include="Library\PackageCache\com.unity.2d.spriteshape@5.1.6\Editor\SpriteShapeEditor.cs" />

[C# Project] New /Users/aoife/UnityProjects/MyFirstChess/Unity.2D.SpriteShape.Editor.csproj:
[C# Project]   050:      <Compile Include="Packages\com.unity.2d.spriteshape\Editor\AngleRangeView.cs" />
[C# Project]   051:      <Compile Include="Packages\com.unity.2d.spriteshape\Editor\ContextMenu.cs" />
[C# Project]   052:      <Compile Include="Packages\com.unity.2d.spriteshape\Editor\ObjectMenuCreation\GameObjectCreation.cs" />
[C# Project]   053:      <Compile Include="Packages\com.unity.2d.spriteshape\Editor\AssemblyInfo.cs" />
[C# Project]   054:      <Compile Include="Packages\com.unity.2d.spriteshape\Editor\SpriteShapeEditor.cs" />
[C# Project] Writing /Users/aoife/UnityProjects/MyFirstChess/Unity.CollabProxy.Editor.csproj because it has changed
[C# Project] First difference on line 50

[C# Project] Current /Users/aoife/UnityProjects/MyFirstChess/Unity.CollabProxy.Editor.csproj:
[C# Project]   050:      <Compile Include="Library\PackageCache\com.unity.collab-proxy@1.15.4\Editor\Collaborate\Models\IModel.cs" />
[C# Project]   051:      <Compile Include="Library\PackageCache\com.unity.collab-proxy@1.15.4\Editor\Collaborate\Views\IStartView.cs" />
[C# Project]   052:      <Compile Include="Library\PackageCache\com.unity.collab-proxy@1.15.4\Editor\Collaborate\Utilities\MenuUtilities.cs" />
[C# Project]   053:      <Compile Include="Library\PackageCache\com.unity.collab-proxy@1.15.4\Editor\Collaborate\Components\Menus\FloatingMenuItem.cs" />
[C# Project]   054:      <Compile Include="Library\PackageCache\com.unity.collab-proxy@1.15.4\Editor\Collaborate\Views\Adapters\IAdapter.cs" />

[C# Project] New /Users/aoife/UnityProjects/MyFirstChess/Unity.CollabProxy.Editor.csproj:
[C# Project]   050:      <Compile Include="Packages\com.unity.collab-proxy\Editor\Collaborate\Models\IModel.cs" />
[C# Project]   051:      <Compile Include="Packages\com.unity.collab-proxy\Editor\Collaborate\Views\IStartView.cs" />
[C# Project]   052:      <Compile Include="Packages\com.unity.collab-proxy\Editor\Collaborate\Utilities\MenuUtilities.cs" />
[C# Project]   053:      <Compile Include="Packages\com.unity.collab-proxy\Editor\Collaborate\Components\Menus\FloatingMenuItem.cs" />
[C# Project]   054:      <Compile Include="Packages\com.unity.collab-proxy\Editor\Collaborate\Views\Adapters\IAdapter.cs" />
[C# Project] Writing /Users/aoife/UnityProjects/MyFirstChess/PsdPlugin.csproj because it has changed
[C# Project] First difference on line 50

[C# Project] Current /Users/aoife/UnityProjects/MyFirstChess/PsdPlugin.csproj:
[C# Project]   050:      <Compile Include="Library\PackageCache\com.unity.2d.psdimporter@4.1.2\Editor\PSDPlugin\PDNWrapper\Document.cs" />
[C# Project]   051:      <Compile Include="Library\PackageCache\com.unity.2d.psdimporter@4.1.2\Editor\PSDPlugin\PhotoShopFileType\PsdLoad.cs" />
[C# Project]   052:      <Compile Include="Library\PackageCache\com.unity.2d.psdimporter@4.1.2\Editor\PSDPlugin\PsdFile\Layers\LayerInfo\LayerId.cs" />
[C# Project]   053:      <Compile Include="Library\PackageCache\com.unity.2d.psdimporter@4.1.2\Editor\PSDPlugin\PDNWrapper\BitmapLayer.cs" />
[C# Project]   054:      <Compile Include="Library\PackageCache\com.unity.2d.psdimporter@4.1.2\Editor\PSDPlugin\PsdFile\Layers\LayerInfo\RawLayerInfo.cs" />

[C# Project] New /Users/aoife/UnityProjects/MyFirstChess/PsdPlugin.csproj:
[C# Project]   050:      <Compile Include="Packages\com.unity.2d.psdimporter\Editor\PSDPlugin\PDNWrapper\Document.cs" />
[C# Project]   051:      <Compile Include="Packages\com.unity.2d.psdimporter\Editor\PSDPlugin\PhotoShopFileType\PsdLoad.cs" />
[C# Project]   052:      <Compile Include="Packages\com.unity.2d.psdimporter\Editor\PSDPlugin\PsdFile\Layers\LayerInfo\LayerId.cs" />
[C# Project]   053:      <Compile Include="Packages\com.unity.2d.psdimporter\Editor\PSDPlugin\PDNWrapper\BitmapLayer.cs" />
[C# Project]   054:      <Compile Include="Packages\com.unity.2d.psdimporter\Editor\PSDPlugin\PsdFile\Layers\LayerInfo\RawLayerInfo.cs" />
[C# Project] Writing /Users/aoife/UnityProjects/MyFirstChess/Unity.2D.Path.Editor.csproj because it has changed
[C# Project] First difference on line 50

[C# Project] Current /Users/aoife/UnityProjects/MyFirstChess/Unity.2D.Path.Editor.csproj:
[C# Project]   050:      <Compile Include="Library\PackageCache\com.unity.2d.path@4.0.2\Editor\EditablePath\EditablePathUtility.cs" />
[C# Project]   051:      <Compile Include="Library\PackageCache\com.unity.2d.path@4.0.2\Editor\IMGUI\GUIFramework\GUIState.cs" />
[C# Project]   052:      <Compile Include="Library\PackageCache\com.unity.2d.path@4.0.2\Editor\IMGUI\GUIFramework\IGUIState.cs" />
[C# Project]   053:      <Compile Include="Library\PackageCache\com.unity.2d.path@4.0.2\Editor\Shapes\IShape.cs" />
[C# Project]   054:      <Compile Include="Library\PackageCache\com.unity.2d.path@4.0.2\Editor\EditorTool\ScriptablePath.cs" />

[C# Project] New /Users/aoife/UnityProjects/MyFirstChess/Unity.2D.Path.Editor.csproj:
[C# Project]   050:      <Compile Include="Packages\com.unity.2d.path\Editor\EditablePath\EditablePathUtility.cs" />
[C# Project]   051:      <Compile Include="Packages\com.unity.2d.path\Editor\IMGUI\GUIFramework\GUIState.cs" />
[C# Project]   052:      <Compile Include="Packages\com.unity.2d.path\Editor\IMGUI\GUIFramework\IGUIState.cs" />
[C# Project]   053:      <Compile Include="Packages\com.unity.2d.path\Editor\Shapes\IShape.cs" />
[C# Project]   054:      <Compile Include="Packages\com.unity.2d.path\Editor\EditorTool\ScriptablePath.cs" />
[C# Project] Writing /Users/aoife/UnityProjects/MyFirstChess/Unity.Rider.Editor.csproj because it has changed
[C# Project] First difference on line 27

[C# Project] Current /Users/aoife/UnityProjects/MyFirstChess/Unity.Rider.Editor.csproj:
[C# Project]   027:     <DefineConstants>DEBUG;TRACE;UNITY_2020_3_25;UNITY_2020_3;UNITY_2020;UNITY_5_3_OR_NEWER;UNITY_5_4_OR_NEWER;UNITY_5_5_OR_NEWER;UNITY_5_6_OR_NEWER;UNITY_2017_1_OR_NEWER;UNITY_2017_2_OR_NEWER;UNITY_2017_3_OR_NEWER;UNITY_2017_4_OR_NEWER;UNITY_2018_1_OR_NEWER;UNITY_2018_2_OR_NEWER;UNITY_2018_3_OR_NEWER;UNITY_2018_4_OR_NEWER;UNITY_2019_1_OR_NEWER;UNITY_2019_2_OR_NEWER;UNITY_2019_3_OR_NEWER;UNITY_2019_4_OR_NEWER;UNITY_2020_1_OR_NEWER;UNITY_2020_2_OR_NEWER;UNITY_2020_3_OR_NEWER;PLATFORM_ARCH_64;UNITY_64;UNITY_INCLUDE_TESTS;USE_SEARCH_ENGINE_API;SCENE_TEMPLATE_MODULE;ENABLE_AR;ENABLE_AUDIO;ENABLE_CACHING;ENABLE_CLOTH;ENABLE_MICROPHONE;ENABLE_MULTIPLE_DISPLAYS;ENABLE_PHYSICS;ENABLE_TEXTURE_STREAMING;ENABLE_VIRTUALTEXTURING;ENABLE_UNET;ENABLE_LZMA;ENABLE_UNITYEVENTS;ENABLE_VR;ENABLE_WEBCAM;ENABLE_UNITYWEBREQUEST;ENABLE_WWW;ENABLE_CLOUD_SERVICES;ENABLE_CLOUD_SERVICES_COLLAB;ENABLE_CLOUD_SERVICES_COLLAB_SOFTLOCKS;ENABLE_CLOUD_SERVICES_ADS;ENABLE_CLOUD_SERVICES_USE_WEBREQUEST;ENABLE_CLOUD_SERVICES_CRASH_REPORTING;ENABLE_CLOUD_SERVICES_NATIVE_CRASH_REPORTING;ENABLE_CLOUD_SERVICES_PURCHASING;ENABLE_CLOUD_SERVICES_ANALYTICS;ENABLE_CLOUD_SERVICES_UNET;ENABLE_CLOUD_SERVICES_BUILD;ENABLE_CLOUD_LICENSE;ENABLE_EDITOR_HUB_LICENSE;ENABLE_WEBSOCKET_CLIENT;ENABLE_DIRECTOR_AUDIO;ENABLE_DIRECTOR_TEXTURE;ENABLE_MANAGED_JOBS;ENABLE_MANAGED_TRANSFORM_JOBS;ENABLE_MANAGED_ANIMATION_JOBS;ENABLE_MANAGED_AUDIO_JOBS;ENABLE_MANAGED_UNITYTLS;INCLUDE_DYNAMIC_GI;ENABLE_MONO_BDWGC;ENABLE_SCRIPTING_GC_WBARRIERS;PLATFORM_SUPPORTS_MONO;RENDER_SOFTWARE_CURSOR;ENABLE_VIDEO;PLATFORM_STANDALONE;PLATFORM_STANDALONE_OSX;UNITY_STANDALONE_OSX;UNITY_STANDALONE;ENABLE_GAMECENTER;ENABLE_RUNTIME_GI;ENABLE_MOVIES;ENABLE_NETWORK;ENABLE_CRUNCH_TEXTURE_COMPRESSION;ENABLE_CLUSTER_SYNC;ENABLE_CLUSTERINPUT;ENABLE_SPATIALTRACKING;PLATFORM_UPDATES_TIME_OUTSIDE_OF_PLAYER_LOOP;ENABLE_WEBSOCKET_HOST;ENABLE_MONO;NET_4_6;ENABLE_PROFILER;UNITY_ASSERTIONS;UNITY_EDITOR;UNITY_EDITOR_64;UNITY_EDITOR_OSX;ENABLE_UNITY_COLLECTIONS_CHECKS;ENABLE_BURST_AOT;UNITY_TEAM_LICENSE;ENABLE_CUSTOM_RENDER_TEXTURE;ENABLE_DIRECTOR;ENABLE_LOCALIZATION;ENABLE_SPRITES;ENABLE_TERRAIN;ENABLE_TILEMAP;ENABLE_TIMELINE;ENABLE_LEGACY_INPUT_MANAGER;TEST_FRAMEWORK;CSHARP_7_OR_LATER;CSHARP_7_3_OR_NEWER;NET_STANDARD_2_0</DefineConstants>
[C# Project]   028:     <ErrorReport>prompt</ErrorReport>
[C# Project]   029:     <WarningLevel>4</WarningLevel>
[C# Project]   030:     <NoWarn>0169</NoWarn>
[C# Project]   031:     <AllowUnsafeBlocks>False</AllowUnsafeBlocks>

[C# Project] New /Users/aoife/UnityProjects/MyFirstChess/Unity.Rider.Editor.csproj:
[C# Project]   027:     <DefineConstants>DEBUG;TRACE;UNITY_2020_3_25;UNITY_2020_3;UNITY_2020;UNITY_5_3_OR_NEWER;UNITY_5_4_OR_NEWER;UNITY_5_5_OR_NEWER;UNITY_5_6_OR_NEWER;UNITY_2017_1_OR_NEWER;UNITY_2017_2_OR_NEWER;UNITY_2017_3_OR_NEWER;UNITY_2017_4_OR_NEWER;UNITY_2018_1_OR_NEWER;UNITY_2018_2_OR_NEWER;UNITY_2018_3_OR_NEWER;UNITY_2018_4_OR_NEWER;UNITY_2019_1_OR_NEWER;UNITY_2019_2_OR_NEWER;UNITY_2019_3_OR_NEWER;UNITY_2019_4_OR_NEWER;UNITY_2020_1_OR_NEWER;UNITY_2020_2_OR_NEWER;UNITY_2020_3_OR_NEWER;PLATFORM_ARCH_64;UNITY_64;UNITY_INCLUDE_TESTS;USE_SEARCH_ENGINE_API;SCENE_TEMPLATE_MODULE;ENABLE_AR;ENABLE_AUDIO;ENABLE_CACHING;ENABLE_CLOTH;ENABLE_MICROPHONE;ENABLE_MULTIPLE_DISPLAYS;ENABLE_PHYSICS;ENABLE_TEXTURE_STREAMING;ENABLE_VIRTUALTEXTURING;ENABLE_UNET;ENABLE_LZMA;ENABLE_UNITYEVENTS;ENABLE_VR;ENABLE_WEBCAM;ENABLE_UNITYWEBREQUEST;ENABLE_WWW;ENABLE_CLOUD_SERVICES;ENABLE_CLOUD_SERVICES_COLLAB;ENABLE_CLOUD_SERVICES_COLLAB_SOFTLOCKS;ENABLE_CLOUD_SERVICES_ADS;ENABLE_CLOUD_SERVICES_USE_WEBREQUEST;ENABLE_CLOUD_SERVICES_CRASH_REPORTING;ENABLE_CLOUD_SERVICES_NATIVE_CRASH_REPORTING;ENABLE_CLOUD_SERVICES_PURCHASING;ENABLE_CLOUD_SERVICES_ANALYTICS;ENABLE_CLOUD_SERVICES_UNET;ENABLE_CLOUD_SERVICES_BUILD;ENABLE_CLOUD_LICENSE;ENABLE_EDITOR_HUB_LICENSE;ENABLE_WEBSOCKET_CLIENT;ENABLE_DIRECTOR_AUDIO;ENABLE_DIRECTOR_TEXTURE;ENABLE_MANAGED_JOBS;ENABLE_MANAGED_TRANSFORM_JOBS;ENABLE_MANAGED_ANIMATION_JOBS;ENABLE_MANAGED_AUDIO_JOBS;ENABLE_MANAGED_UNITYTLS;INCLUDE_DYNAMIC_GI;ENABLE_MONO_BDWGC;ENABLE_SCRIPTING_GC_WBARRIERS;PLATFORM_SUPPORTS_MONO;RENDER_SOFTWARE_CURSOR;ENABLE_VIDEO;PLATFORM_STANDALONE;PLATFORM_STANDALONE_OSX;UNITY_STANDALONE_OSX;UNITY_STANDALONE;ENABLE_GAMECENTER;ENABLE_RUNTIME_GI;ENABLE_MOVIES;ENABLE_NETWORK;ENABLE_CRUNCH_TEXTURE_COMPRESSION;ENABLE_CLUSTER_SYNC;ENABLE_CLUSTERINPUT;ENABLE_SPATIALTRACKING;PLATFORM_UPDATES_TIME_OUTSIDE_OF_PLAYER_LOOP;ENABLE_WEBSOCKET_HOST;ENABLE_MONO;NET_4_6;ENABLE_PROFILER;UNITY_ASSERTIONS;UNITY_EDITOR;UNITY_EDITOR_64;UNITY_EDITOR_OSX;ENABLE_UNITY_COLLECTIONS_CHECKS;ENABLE_BURST_AOT;UNITY_TEAM_LICENSE;ENABLE_CUSTOM_RENDER_TEXTURE;ENABLE_DIRECTOR;ENABLE_LOCALIZATION;ENABLE_SPRITES;ENABLE_TERRAIN;ENABLE_TILEMAP;ENABLE_TIMELINE;ENABLE_LEGACY_INPUT_MANAGER;CSHARP_7_OR_LATER;CSHARP_7_3_OR_NEWER;NET_STANDARD_2_0</DefineConstants>
[C# Project]   028:     <ErrorReport>prompt</ErrorReport>
[C# Project]   029:     <WarningLevel>4</WarningLevel>
[C# Project]   030:     <NoWarn>0169</NoWarn>
[C# Project]   031:     <AllowUnsafeBlocks>False</AllowUnsafeBlocks>
[C# Project] Writing /Users/aoife/UnityProjects/MyFirstChess/Unity.2D.IK.Editor.csproj because it has changed
[C# Project] First difference on line 50

[C# Project] Current /Users/aoife/UnityProjects/MyFirstChess/Unity.2D.IK.Editor.csproj:
[C# Project]   050:      <Compile Include="Library\PackageCache\com.unity.2d.animation@5.0.9\IK\Editor\IKEditorManager.cs" />
[C# Project]   051:      <Compile Include="Library\PackageCache\com.unity.2d.animation@5.0.9\IK\Editor\Inspectors\CCDSolver2DEditor.cs" />
[C# Project]   052:      <Compile Include="Library\PackageCache\com.unity.2d.animation@5.0.9\IK\Editor\Inspectors\IKManager2DEditor.cs" />
[C# Project]   053:      <Compile Include="Library\PackageCache\com.unity.2d.animation@5.0.9\IK\Editor\Inspectors\LimbSolver2DEditor.cs" />
[C# Project]   054:      <Compile Include="Library\PackageCache\com.unity.2d.animation@5.0.9\IK\Editor\IKGizmos.cs" />

[C# Project] New /Users/aoife/UnityProjects/MyFirstChess/Unity.2D.IK.Editor.csproj:
[C# Project]   050:      <Compile Include="Packages\com.unity.2d.animation\IK\Editor\IKEditorManager.cs" />
[C# Project]   051:      <Compile Include="Packages\com.unity.2d.animation\IK\Editor\Inspectors\CCDSolver2DEditor.cs" />
[C# Project]   052:      <Compile Include="Packages\com.unity.2d.animation\IK\Editor\Inspectors\IKManager2DEditor.cs" />
[C# Project]   053:      <Compile Include="Packages\com.unity.2d.animation\IK\Editor\Inspectors\LimbSolver2DEditor.cs" />
[C# Project]   054:      <Compile Include="Packages\com.unity.2d.animation\IK\Editor\IKGizmos.cs" />
[C# Project] Writing /Users/aoife/UnityProjects/MyFirstChess/Unity.2D.Sprite.Editor.csproj because it has changed
[C# Project] First difference on line 50

[C# Project] Current /Users/aoife/UnityProjects/MyFirstChess/Unity.2D.Sprite.Editor.csproj:
[C# Project]   050:      <Compile Include="Library\PackageCache\com.unity.2d.sprite@1.0.0\Editor\Interface\IEvent.cs" />
[C# Project]   051:      <Compile Include="Library\PackageCache\com.unity.2d.sprite@1.0.0\Editor\SpriteEditorModule\SpriteFrameModule\SpritePolygonModeModuleView.cs" />
[C# Project]   052:      <Compile Include="Library\PackageCache\com.unity.2d.sprite@1.0.0\Editor\SpriteEditor\SpriteEditorHandles.cs" />
[C# Project]   053:      <Compile Include="Library\PackageCache\com.unity.2d.sprite@1.0.0\Editor\SpriteEditorModule\TextureImporterDataProviderImplementation.cs" />
[C# Project]   054:      <Compile Include="Library\PackageCache\com.unity.2d.sprite@1.0.0\Editor\SpriteEditorModule\SpriteFrameModule\SpriteFrameModuleView.cs" />

[C# Project] New /Users/aoife/UnityProjects/MyFirstChess/Unity.2D.Sprite.Editor.csproj:
[C# Project]   050:      <Compile Include="Packages\com.unity.2d.sprite\Editor\Interface\IEvent.cs" />
[C# Project]   051:      <Compile Include="Packages\com.unity.2d.sprite\Editor\SpriteEditorModule\SpriteFrameModule\SpritePolygonModeModuleView.cs" />
[C# Project]   052:      <Compile Include="Packages\com.unity.2d.sprite\Editor\SpriteEditor\SpriteEditorHandles.cs" />
[C# Project]   053:      <Compile Include="Packages\com.unity.2d.sprite\Editor\SpriteEditorModule\TextureImporterDataProviderImplementation.cs" />
[C# Project]   054:      <Compile Include="Packages\com.unity.2d.sprite\Editor\SpriteEditorModule\SpriteFrameModule\SpriteFrameModuleView.cs" />
[C# Project] Writing /Users/aoife/UnityProjects/MyFirstChess/Unity.2D.Tilemap.Editor.csproj because it has changed
[C# Project] First difference on line 50

[C# Project] Current /Users/aoife/UnityProjects/MyFirstChess/Unity.2D.Tilemap.Editor.csproj:
[C# Project]   050:      <Compile Include="Library\PackageCache\com.unity.2d.tilemap@1.0.0\Editor\GridSelection.cs" />
[C# Project]   051:      <Compile Include="Library\PackageCache\com.unity.2d.tilemap@1.0.0\Editor\GridPalettes.cs" />
[C# Project]   052:      <Compile Include="Library\PackageCache\com.unity.2d.tilemap@1.0.0\Editor\GridBrushEditorBase.cs" />
[C# Project]   053:      <Compile Include="Library\PackageCache\com.unity.2d.tilemap@1.0.0\Editor\EditorTools\TilemapEditorTool.cs" />
[C# Project]   054:      <Compile Include="Library\PackageCache\com.unity.2d.tilemap@1.0.0\Editor\EditorTools\PaintTool.cs" />

[C# Project] New /Users/aoife/UnityProjects/MyFirstChess/Unity.2D.Tilemap.Editor.csproj:
[C# Project]   050:      <Compile Include="Packages\com.unity.2d.tilemap\Editor\GridSelection.cs" />
[C# Project]   051:      <Compile Include="Packages\com.unity.2d.tilemap\Editor\GridPalettes.cs" />
[C# Project]   052:      <Compile Include="Packages\com.unity.2d.tilemap\Editor\GridBrushEditorBase.cs" />
[C# Project]   053:      <Compile Include="Packages\com.unity.2d.tilemap\Editor\EditorTools\TilemapEditorTool.cs" />
[C# Project]   054:      <Compile Include="Packages\com.unity.2d.tilemap\Editor\EditorTools\PaintTool.cs" />
[C# Project] Writing /Users/aoife/UnityProjects/MyFirstChess/Unity.2D.PixelPerfect.Editor.csproj because it has changed
[C# Project] First difference on line 50

[C# Project] Current /Users/aoife/UnityProjects/MyFirstChess/Unity.2D.PixelPerfect.Editor.csproj:
[C# Project]   050:      <Compile Include="Library\PackageCache\com.unity.2d.pixel-perfect@4.0.1\Editor\PixelPerfectCameraEditor.cs" />
[C# Project]   051:      <Compile Include="Library\PackageCache\com.unity.2d.pixel-perfect@4.0.1\Editor\CinemachinePixelPerfectEditor.cs" />
[C# Project]   052:      <Compile Include="Library\PackageCache\com.unity.2d.pixel-perfect@4.0.1\Editor\ObjectMenuCreation\GameObjectCreation.cs" />
[C# Project]   053:      <None Include="Library\PackageCache\com.unity.2d.pixel-perfect@4.0.1\Editor\Unity.2D.PixelPerfect.Editor.asmdef" />
[C# Project]   054:  <Reference Include="UnityEngine">

[C# Project] New /Users/aoife/UnityProjects/MyFirstChess/Unity.2D.PixelPerfect.Editor.csproj:
[C# Project]   050:      <Compile Include="Packages\com.unity.2d.pixel-perfect\Editor\PixelPerfectCameraEditor.cs" />
[C# Project]   051:      <Compile Include="Packages\com.unity.2d.pixel-perfect\Editor\CinemachinePixelPerfectEditor.cs" />
[C# Project]   052:      <Compile Include="Packages\com.unity.2d.pixel-perfect\Editor\ObjectMenuCreation\GameObjectCreation.cs" />
[C# Project]   053:      <None Include="Packages\com.unity.2d.pixel-perfect\Editor\Unity.2D.PixelPerfect.Editor.asmdef" />
[C# Project]   054:  <Reference Include="UnityEngine">
[C# Project] Writing /Users/aoife/UnityProjects/MyFirstChess/Unity.VSCode.Editor.csproj because it has changed
[C# Project] First difference on line 50

[C# Project] Current /Users/aoife/UnityProjects/MyFirstChess/Unity.VSCode.Editor.csproj:
[C# Project]   050:      <Compile Include="Library\PackageCache\com.unity.ide.vscode@1.2.4\Editor\VSCodeDiscovery.cs" />
[C# Project]   051:      <Compile Include="Library\PackageCache\com.unity.ide.vscode@1.2.4\Editor\ProjectGeneration\StringUtils.cs" />
[C# Project]   052:      <Compile Include="Library\PackageCache\com.unity.ide.vscode@1.2.4\Editor\ProjectGeneration\GUIDGenerator.cs" />
[C# Project]   053:      <Compile Include="Library\PackageCache\com.unity.ide.vscode@1.2.4\Editor\ProjectGeneration\AssemblyNameProvider.cs" />
[C# Project]   054:      <Compile Include="Library\PackageCache\com.unity.ide.vscode@1.2.4\Editor\ProjectGeneration\ProjectGeneration.cs" />

[C# Project] New /Users/aoife/UnityProjects/MyFirstChess/Unity.VSCode.Editor.csproj:
[C# Project]   050:      <Compile Include="Packages\com.unity.ide.vscode\Editor\VSCodeDiscovery.cs" />
[C# Project]   051:      <Compile Include="Packages\com.unity.ide.vscode\Editor\ProjectGeneration\StringUtils.cs" />
[C# Project]   052:      <Compile Include="Packages\com.unity.ide.vscode\Editor\ProjectGeneration\GUIDGenerator.cs" />
[C# Project]   053:      <Compile Include="Packages\com.unity.ide.vscode\Editor\ProjectGeneration\AssemblyNameProvider.cs" />
[C# Project]   054:      <Compile Include="Packages\com.unity.ide.vscode\Editor\ProjectGeneration\ProjectGeneration.cs" />
[C# Project] Writing /Users/aoife/UnityProjects/MyFirstChess/Unity.2D.Common.Editor.csproj because it has changed
[C# Project] First difference on line 50

[C# Project] Current /Users/aoife/UnityProjects/MyFirstChess/Unity.2D.Common.Editor.csproj:
[C# Project]   050:      <Compile Include="Library\PackageCache\com.unity.2d.common@4.0.3\Editor\ImagePacker\Jobs\FindTightRectJob.cs" />
[C# Project]   051:      <Compile Include="Library\PackageCache\com.unity.2d.common@4.0.3\Editor\ImagePacker\ImagePacker.cs" />
[C# Project]   052:      <Compile Include="Library\PackageCache\com.unity.2d.common@4.0.3\Editor\AssemblyInfo.cs" />
[C# Project]   053:      <Compile Include="Library\PackageCache\com.unity.2d.common@4.0.3\Editor\TextureGenerator\TextureGeneratorHelper.cs" />
[C# Project]   054:      <Compile Include="Library\PackageCache\com.unity.2d.common@4.0.3\Editor\ImagePacker\ImagePackNode.cs" />

[C# Project] New /Users/aoife/UnityProjects/MyFirstChess/Unity.2D.Common.Editor.csproj:
[C# Project]   050:      <Compile Include="Packages\com.unity.2d.common\Editor\ImagePacker\Jobs\FindTightRectJob.cs" />
[C# Project]   051:      <Compile Include="Packages\com.unity.2d.common\Editor\ImagePacker\ImagePacker.cs" />
[C# Project]   052:      <Compile Include="Packages\com.unity.2d.common\Editor\AssemblyInfo.cs" />
[C# Project]   053:      <Compile Include="Packages\com.unity.2d.common\Editor\TextureGenerator\TextureGeneratorHelper.cs" />
[C# Project]   054:      <Compile Include="Packages\com.unity.2d.common\Editor\ImagePacker\ImagePackNode.cs" />
[C# Project] Writing /Users/aoife/UnityProjects/MyFirstChess/Unity.Mathematics.Editor.csproj because it has changed
[C# Project] First difference on line 50

[C# Project] Current /Users/aoife/UnityProjects/MyFirstChess/Unity.Mathematics.Editor.csproj:
[C# Project]   050:      <Compile Include="Library\PackageCache\com.unity.mathematics@1.1.0\Unity.Mathematics.Editor\PrimitiveVectorDrawer.cs" />
[C# Project]   051:      <Compile Include="Library\PackageCache\com.unity.mathematics@1.1.0\Unity.Mathematics.Editor\MatrixDrawer.cs" />
[C# Project]   052:      <Compile Include="Library\PackageCache\com.unity.mathematics@1.1.0\Unity.Mathematics.Editor\PostNormalizedVectorDrawer.cs" />
[C# Project]   053:      <Compile Include="Library\PackageCache\com.unity.mathematics@1.1.0\Unity.Mathematics.Editor\QuaternionDrawer.cs" />
[C# Project]   054:      <None Include="Library\PackageCache\com.unity.mathematics@1.1.0\Unity.Mathematics.Editor\Unity.Mathematics.Editor.asmdef" />

[C# Project] New /Users/aoife/UnityProjects/MyFirstChess/Unity.Mathematics.Editor.csproj:
[C# Project]   050:      <Compile Include="Packages\com.unity.mathematics\Unity.Mathematics.Editor\PrimitiveVectorDrawer.cs" />
[C# Project]   051:      <Compile Include="Packages\com.unity.mathematics\Unity.Mathematics.Editor\MatrixDrawer.cs" />
[C# Project]   052:      <Compile Include="Packages\com.unity.mathematics\Unity.Mathematics.Editor\PostNormalizedVectorDrawer.cs" />
[C# Project]   053:      <Compile Include="Packages\com.unity.mathematics\Unity.Mathematics.Editor\QuaternionDrawer.cs" />
[C# Project]   054:      <None Include="Packages\com.unity.mathematics\Unity.Mathematics.Editor\Unity.Mathematics.Editor.asmdef" />
[C# Project] Writing /Users/aoife/UnityProjects/MyFirstChess/Unity.InternalAPIEditorBridge.001.csproj because it has changed
[C# Project] First difference on line 50

[C# Project] Current /Users/aoife/UnityProjects/MyFirstChess/Unity.InternalAPIEditorBridge.001.csproj:
[C# Project]   050:      <Compile Include="Library\PackageCache\com.unity.2d.common@4.0.3\Editor\InternalBridge\InternalEditorBridge.cs" />
[C# Project]   051:      <Compile Include="Library\PackageCache\com.unity.2d.common@4.0.3\Editor\InternalBridge\AssemblyInfo.cs" />
[C# Project]   052:      <Compile Include="Library\PackageCache\com.unity.2d.common@4.0.3\Editor\InternalBridge\TexturePlatformSettings\TexturePlatformSettings.cs" />
[C# Project]   053:      <None Include="Library\PackageCache\com.unity.2d.common@4.0.3\Editor\InternalBridge\InternalBridgeDef.asmdef" />
[C# Project]   054:  <Reference Include="UnityEngine">

[C# Project] New /Users/aoife/UnityProjects/MyFirstChess/Unity.InternalAPIEditorBridge.001.csproj:
[C# Project]   050:      <Compile Include="Packages\com.unity.2d.common\Editor\InternalBridge\InternalEditorBridge.cs" />
[C# Project]   051:      <Compile Include="Packages\com.unity.2d.common\Editor\InternalBridge\AssemblyInfo.cs" />
[C# Project]   052:      <Compile Include="Packages\com.unity.2d.common\Editor\InternalBridge\TexturePlatformSettings\TexturePlatformSettings.cs" />
[C# Project]   053:      <None Include="Packages\com.unity.2d.common\Editor\InternalBridge\InternalBridgeDef.asmdef" />
[C# Project]   054:  <Reference Include="UnityEngine">
2022-01-03 18:41:47.167 Unity[30923:636707] NSEventModifierFlagFunction specified to -setKeyEquivalentModifierMask: for item <NSMenuItem: 0x60000362f3a0 Font Asset, ke='Command-F12'>, but is only supported for system-provided menu items; will not be used
2022-01-03 18:41:47.170 Unity[30923:636707] NSEventModifierFlagFunction specified to -setKeyEquivalentModifierMask: for item <NSMenuItem: 0x600003638690 Font Asset, ke='Command-F12'>, but is only supported for system-provided menu items; will not be used
========================================================================
Worker process is ready to serve import requests
Refreshing native plugins compatible for Editor in 0.39 ms, found 3 plugins.
Preloading 0 native plugins for Editor in 0.00 ms.
Unloading 2198 Unused Serialized files (Serialized files now loaded: 0)
System memory in use before: 227.4 MB.
System memory in use after: 226.6 MB.

Unloading 104 unused Assets to reduce memory usage. Loaded Objects now: 2671.
Total: 3.068125 ms (FindLiveObjects: 0.138458 ms CreateObjectMapping: 0.045917 ms MarkObjects: 2.360750 ms  DeleteObjects: 0.521625 ms)

AssetImportParameters requested are different than current active one (requested -> active):
  custom:video-decoder-ogg-theora: a1e56fd34408186e4bbccfd4996cb3dc -> 
  custom:container-muxer-webm: aa71ff27fc2769a1b78a27578f13a17b -> 
  custom:container-demuxer-webm: 4f35f7cbe854078d1ac9338744f61a02 -> 
  custom:container-demuxer-ogg: 62fdf1f143b41e24485cea50d1cbac27 -> 
  custom:video-encoder-webm-vp8: eb34c28f22e8b96e1ab97ce403110664 -> 
  custom:framework-osx-AVFoundation: e770b220cccbd017edd2c1fefb359320 -> 
  custom:video-decoder-webm-vp8: 9c59270c3fd7afecdb556c50c9e8de78 -> 
  custom:audio-decoder-ogg-vorbis: bf7c407c2cedff20999df2af8eb42d56 -> 
  custom:audio-encoder-webm-vorbis: bf7c407c2cedff20999df2af8eb42d56 -> 
========================================================================
Received Import Request.
  path: Assets/Scripts/Game.cs
  artifactKey: Guid(079d566dd74274b6f81a885de4458801) Importer(815301076,1909f56bfc062723c751e8b465ee728b)
Start importing Assets/Scripts/Game.cs using Guid(079d566dd74274b6f81a885de4458801) Importer(815301076,1909f56bfc062723c751e8b465ee728b)  -> (artifact id: '71a92db33bbaffba8f878f6ae7e4527c') in 0.189889 seconds 
  Import took 0.196378 seconds .

========================================================================
Received Prepare
Registering precompiled user dll's ...
Registered in 0.003153 seconds.
Begin MonoManager ReloadAssembly
Native extension for OSXStandalone target not found
Refreshing native plugins compatible for Editor in 0.60 ms, found 3 plugins.
Preloading 0 native plugins for Editor in 0.00 ms.
2022-01-03 18:46:47.098 Unity[30923:636707] NSEventModifierFlagFunction specified to -setKeyEquivalentModifierMask: for item <NSMenuItem: 0x60000363c000 Font Asset, ke='Command-F12'>, but is only supported for system-provided menu items; will not be used
Mono: successfully reloaded assembly
- Completed reload, in  2.275 seconds
Domain Reload Profiling:
	ReloadAssembly (2276ms)
		BeginReloadAssembly (238ms)
			ExecutionOrderSort (0ms)
			DisableScriptedObjects (42ms)
			BackupInstance (0ms)
			ReleaseScriptingObjects (0ms)
			CreateAndSetChildDomain (91ms)
		EndReloadAssembly (1946ms)
			LoadAssemblies (182ms)
			RebuildTransferFunctionScriptingTraits (0ms)
			SetupTypeCache (340ms)
			ReleaseScriptCaches (1ms)
			RebuildScriptCaches (51ms)
			SetupLoadedEditorAssemblies (1084ms)
				LogAssemblyErrors (0ms)
				InitializePlatformSupportModulesInManaged (14ms)
				SetLoadedEditorAssemblies (1ms)
				RefreshPlugins (1ms)
				BeforeProcessingInitializeOnLoad (172ms)
				ProcessInitializeOnLoadAttributes (855ms)
				ProcessInitializeOnLoadMethodAttributes (40ms)
				AfterProcessingInitializeOnLoad (1ms)
				EditorAssembliesLoaded (0ms)
			ExecutionOrderSort2 (0ms)
			AwakeInstancesAfterBackupRestoration (40ms)
Platform modules already initialized, skipping
Refreshing native plugins compatible for Editor in 0.40 ms, found 3 plugins.
Preloading 0 native plugins for Editor in 0.00 ms.
Unloading 2186 Unused Serialized files (Serialized files now loaded: 0)
System memory in use before: 227.5 MB.
System memory in use after: 227.6 MB.

Unloading 18 unused Assets to reduce memory usage. Loaded Objects now: 2674.
Total: 2.158750 ms (FindLiveObjects: 0.099125 ms CreateObjectMapping: 0.039292 ms MarkObjects: 1.997125 ms  DeleteObjects: 0.022250 ms)

AssetImportParameters requested are different than current active one (requested -> active):
  custom:video-decoder-ogg-theora: a1e56fd34408186e4bbccfd4996cb3dc -> 
  custom:container-muxer-webm: aa71ff27fc2769a1b78a27578f13a17b -> 
  custom:container-demuxer-webm: 4f35f7cbe854078d1ac9338744f61a02 -> 
  custom:container-demuxer-ogg: 62fdf1f143b41e24485cea50d1cbac27 -> 
  custom:video-encoder-webm-vp8: eb34c28f22e8b96e1ab97ce403110664 -> 
  custom:framework-osx-AVFoundation: e770b220cccbd017edd2c1fefb359320 -> 
  custom:video-decoder-webm-vp8: 9c59270c3fd7afecdb556c50c9e8de78 -> 
  custom:audio-decoder-ogg-vorbis: bf7c407c2cedff20999df2af8eb42d56 -> 
  custom:audio-encoder-webm-vorbis: bf7c407c2cedff20999df2af8eb42d56 -> 
